[0.188s] Invoking command in '/root/my_ros2_ws/build/turtle_controller': CMAKE_PREFIX_PATH=${CMAKE_PREFIX_PATH}:/root/my_ros2_ws/install/py_pubsub:/opt/ros/foxy /usr/bin/cmake --build /root/my_ros2_ws/build/turtle_controller -- -j16 -l16
[0.202s] -- Found ament_cmake: 0.9.8 (/opt/ros/foxy/share/ament_cmake/cmake)
[0.218s] -- Using PYTHON_EXECUTABLE: /usr/bin/python3
[0.360s] -- Found rclcpp: 2.3.0 (/opt/ros/foxy/share/rclcpp/cmake)
[0.385s] -- Using all available rosidl_typesupport_c: rosidl_typesupport_fastrtps_c;rosidl_typesupport_introspection_c
[0.387s] -- Found rosidl_adapter: 1.2.0 (/opt/ros/foxy/share/rosidl_adapter/cmake)
[0.491s] -- Using all available rosidl_typesupport_cpp: rosidl_typesupport_fastrtps_cpp;rosidl_typesupport_introspection_cpp
[0.525s] -- Found rmw_implementation_cmake: 1.0.2 (/opt/ros/foxy/share/rmw_implementation_cmake/cmake)
[0.526s] -- Using RMW implementation 'rmw_fastrtps_cpp' as default
[0.620s] -- Found geometry_msgs: 2.0.3 (/opt/ros/foxy/share/geometry_msgs/cmake)
[0.641s] -- Found turtlesim: 1.2.5 (/opt/ros/foxy/share/turtlesim/cmake)
[0.707s] -- Found ament_lint_auto: 0.9.6 (/opt/ros/foxy/share/ament_lint_auto/cmake)
[0.752s] -- Added test 'copyright' to check source files copyright and LICENSE
[0.752s] -- Added test 'cppcheck' to perform static code analysis on C / C++ code
[0.752s] -- Configured cppcheck include dirs: 
[0.752s] -- Configured cppcheck exclude dirs and/or files: 
[0.753s] -- Added test 'cpplint' to check C / C++ code against the Google style
[0.753s] -- Configured cpplint exclude dirs and/or files: 
[0.753s] -- Added test 'lint_cmake' to check CMake code style
[0.754s] -- Added test 'uncrustify' to check C / C++ code style
[0.754s] -- Configured uncrustify additional arguments: 
[0.754s] -- Added test 'xmllint' to check XML markup files
[0.756s] -- Configuring done
[0.764s] -- Generating done
[0.765s] -- Build files have been written to: /root/my_ros2_ws/build/turtle_controller
[0.783s] [35m[1mScanning dependencies of target turtle_controller[0m
[0.810s] [ 50%] [32mBuilding CXX object CMakeFiles/turtle_controller.dir/src/turtle_controller.cpp.o[0m
[5.138s] [100%] [32m[1mLinking CXX executable turtle_controller[0m
[5.318s] [100%] Built target turtle_controller
[5.328s] Invoked command in '/root/my_ros2_ws/build/turtle_controller' returned '0': CMAKE_PREFIX_PATH=${CMAKE_PREFIX_PATH}:/root/my_ros2_ws/install/py_pubsub:/opt/ros/foxy /usr/bin/cmake --build /root/my_ros2_ws/build/turtle_controller -- -j16 -l16
[5.345s] Invoking command in '/root/my_ros2_ws/build/turtle_controller': CMAKE_PREFIX_PATH=${CMAKE_PREFIX_PATH}:/root/my_ros2_ws/install/py_pubsub:/opt/ros/foxy /usr/bin/cmake --install /root/my_ros2_ws/build/turtle_controller
[5.350s] -- Install configuration: ""
[5.350s] -- Installing: /root/my_ros2_ws/install/turtle_controller/lib/turtle_controller/turtle_controller
[5.351s] -- Set runtime path of "/root/my_ros2_ws/install/turtle_controller/lib/turtle_controller/turtle_controller" to ""
[5.351s] -- Up-to-date: /root/my_ros2_ws/install/turtle_controller/share/ament_index/resource_index/package_run_dependencies/turtle_controller
[5.351s] -- Installing: /root/my_ros2_ws/install/turtle_controller/share/ament_index/resource_index/parent_prefix_path/turtle_controller
[5.352s] -- Up-to-date: /root/my_ros2_ws/install/turtle_controller/share/turtle_controller/environment/ament_prefix_path.sh
[5.352s] -- Installing: /root/my_ros2_ws/install/turtle_controller/share/turtle_controller/environment/ament_prefix_path.dsv
[5.352s] -- Up-to-date: /root/my_ros2_ws/install/turtle_controller/share/turtle_controller/environment/path.sh
[5.352s] -- Installing: /root/my_ros2_ws/install/turtle_controller/share/turtle_controller/environment/path.dsv
[5.352s] -- Up-to-date: /root/my_ros2_ws/install/turtle_controller/share/turtle_controller/local_setup.bash
[5.352s] -- Up-to-date: /root/my_ros2_ws/install/turtle_controller/share/turtle_controller/local_setup.sh
[5.352s] -- Up-to-date: /root/my_ros2_ws/install/turtle_controller/share/turtle_controller/local_setup.zsh
[5.352s] -- Installing: /root/my_ros2_ws/install/turtle_controller/share/turtle_controller/local_setup.dsv
[5.352s] -- Installing: /root/my_ros2_ws/install/turtle_controller/share/turtle_controller/package.dsv
[5.352s] -- Up-to-date: /root/my_ros2_ws/install/turtle_controller/share/ament_index/resource_index/packages/turtle_controller
[5.352s] -- Up-to-date: /root/my_ros2_ws/install/turtle_controller/share/turtle_controller/cmake/turtle_controllerConfig.cmake
[5.352s] -- Up-to-date: /root/my_ros2_ws/install/turtle_controller/share/turtle_controller/cmake/turtle_controllerConfig-version.cmake
[5.353s] -- Up-to-date: /root/my_ros2_ws/install/turtle_controller/share/turtle_controller/package.xml
[5.353s] Invoked command in '/root/my_ros2_ws/build/turtle_controller' returned '0': CMAKE_PREFIX_PATH=${CMAKE_PREFIX_PATH}:/root/my_ros2_ws/install/py_pubsub:/opt/ros/foxy /usr/bin/cmake --install /root/my_ros2_ws/build/turtle_controller
