[0.218s] Invoking command in '/root/my_ros2_ws/src/py_pubsub': PYTHONPATH=/root/my_ros2_ws/install/py_pubsub/lib/python3.8/site-packages:${PYTHONPATH} /usr/bin/python3 setup.py egg_info --egg-base ../../build/py_pubsub build --build-base /root/my_ros2_ws/build/py_pubsub/build install --prefix /root/my_ros2_ws/install/py_pubsub --record /root/my_ros2_ws/build/py_pubsub/install.log --single-version-externally-managed
[0.391s] running egg_info
[0.392s] writing ../../build/py_pubsub/py_pubsub.egg-info/PKG-INFO
[0.392s] writing dependency_links to ../../build/py_pubsub/py_pubsub.egg-info/dependency_links.txt
[0.392s] writing entry points to ../../build/py_pubsub/py_pubsub.egg-info/entry_points.txt
[0.392s] writing requirements to ../../build/py_pubsub/py_pubsub.egg-info/requires.txt
[0.392s] writing top-level names to ../../build/py_pubsub/py_pubsub.egg-info/top_level.txt
[0.420s] reading manifest file '../../build/py_pubsub/py_pubsub.egg-info/SOURCES.txt'
[0.420s] writing manifest file '../../build/py_pubsub/py_pubsub.egg-info/SOURCES.txt'
[0.421s] running build
[0.421s] running build_py
[0.421s] running install
[0.421s] running install_lib
[0.422s] running install_data
[0.423s] running install_egg_info
[0.424s] removing '/root/my_ros2_ws/install/py_pubsub/lib/python3.8/site-packages/py_pubsub-0.0.0-py3.8.egg-info' (and everything under it)
[0.424s] Copying ../../build/py_pubsub/py_pubsub.egg-info to /root/my_ros2_ws/install/py_pubsub/lib/python3.8/site-packages/py_pubsub-0.0.0-py3.8.egg-info
[0.425s] running install_scripts
[0.439s] writing list of installed files to '/root/my_ros2_ws/build/py_pubsub/install.log'
[0.458s] Invoked command in '/root/my_ros2_ws/src/py_pubsub' returned '0': PYTHONPATH=/root/my_ros2_ws/install/py_pubsub/lib/python3.8/site-packages:${PYTHONPATH} /usr/bin/python3 setup.py egg_info --egg-base ../../build/py_pubsub build --build-base /root/my_ros2_ws/build/py_pubsub/build install --prefix /root/my_ros2_ws/install/py_pubsub --record /root/my_ros2_ws/build/py_pubsub/install.log --single-version-externally-managed
