[0.022s] Invoking command in '/root/my_ros2_ws/build/cpp_pubsub': CMAKE_PREFIX_PATH=${CMAKE_PREFIX_PATH}:/root/my_ros2_ws/install/py_pubsub:/opt/ros/foxy /usr/bin/cmake --build /root/my_ros2_ws/build/cpp_pubsub -- -j16 -l16
[0.060s] -- Found ament_cmake: 0.9.8 (/opt/ros/foxy/share/ament_cmake/cmake)
[0.077s] -- Using PYTHON_EXECUTABLE: /usr/bin/python3
[0.224s] -- Found rclcpp: 2.3.0 (/opt/ros/foxy/share/rclcpp/cmake)
[0.282s] -- Using all available rosidl_typesupport_c: rosidl_typesupport_fastrtps_c;rosidl_typesupport_introspection_c
[0.289s] -- Found rosidl_adapter: 1.2.0 (/opt/ros/foxy/share/rosidl_adapter/cmake)
[0.374s] -- Found OpenSSL: /usr/lib/x86_64-linux-gnu/libcrypto.so (found version "1.1.1f")  
[0.408s] -- Found FastRTPS: /opt/ros/foxy/include  
[0.488s] -- Using all available rosidl_typesupport_cpp: rosidl_typesupport_fastrtps_cpp;rosidl_typesupport_introspection_cpp
[0.543s] -- Found rmw_implementation_cmake: 1.0.2 (/opt/ros/foxy/share/rmw_implementation_cmake/cmake)
[0.545s] -- Using RMW implementation 'rmw_fastrtps_cpp' as default
[0.547s] -- Looking for pthread.h
[0.667s] -- Looking for pthread.h - found
[0.667s] -- Performing Test CMAKE_HAVE_LIBC_PTHREAD
[0.720s] -- Performing Test CMAKE_HAVE_LIBC_PTHREAD - Failed
[0.721s] -- Looking for pthread_create in pthreads
[0.765s] -- Looking for pthread_create in pthreads - not found
[0.765s] -- Looking for pthread_create in pthread
[0.813s] -- Looking for pthread_create in pthread - found
[0.814s] -- Found Threads: TRUE  
[0.939s] -- Found ament_lint_auto: 0.9.6 (/opt/ros/foxy/share/ament_lint_auto/cmake)
[0.994s] -- Added test 'copyright' to check source files copyright and LICENSE
[0.995s] -- Added test 'cppcheck' to perform static code analysis on C / C++ code
[0.995s] -- Configured cppcheck include dirs: 
[0.995s] -- Configured cppcheck exclude dirs and/or files: 
[0.996s] -- Added test 'cpplint' to check C / C++ code against the Google style
[0.996s] -- Configured cpplint exclude dirs and/or files: 
[0.997s] -- Added test 'lint_cmake' to check CMake code style
[0.997s] -- Added test 'uncrustify' to check C / C++ code style
[0.997s] -- Configured uncrustify additional arguments: 
[0.998s] -- Added test 'xmllint' to check XML markup files
[1.000s] -- Configuring done
[1.013s] -- Generating done
[1.015s] -- Build files have been written to: /root/my_ros2_ws/build/cpp_pubsub
[1.036s] [35m[1mScanning dependencies of target publisher2[0m
[1.036s] [35m[1mScanning dependencies of target subscriber[0m
[1.036s] [35m[1mScanning dependencies of target publisher1[0m
[1.147s] [ 50%] [32mBuilding CXX object CMakeFiles/subscriber.dir/src/subscriber.cpp.o[0m
[1.147s] [ 50%] [32mBuilding CXX object CMakeFiles/publisher2.dir/src/member_function.cpp.o[0m
[1.147s] [ 50%] [32mBuilding CXX object CMakeFiles/publisher1.dir/src/publisher.cpp.o[0m
[3.911s] [ 66%] [32m[1mLinking CXX executable publisher1[0m
[4.027s] [ 83%] [32m[1mLinking CXX executable publisher2[0m
[4.048s] [ 83%] Built target publisher1
[4.144s] [ 83%] Built target publisher2
[5.271s] [100%] [32m[1mLinking CXX executable subscriber[0m
[5.419s] [100%] Built target subscriber
[5.430s] Invoked command in '/root/my_ros2_ws/build/cpp_pubsub' returned '0': CMAKE_PREFIX_PATH=${CMAKE_PREFIX_PATH}:/root/my_ros2_ws/install/py_pubsub:/opt/ros/foxy /usr/bin/cmake --build /root/my_ros2_ws/build/cpp_pubsub -- -j16 -l16
[5.461s] Invoking command in '/root/my_ros2_ws/build/cpp_pubsub': CMAKE_PREFIX_PATH=${CMAKE_PREFIX_PATH}:/root/my_ros2_ws/install/py_pubsub:/opt/ros/foxy /usr/bin/cmake --install /root/my_ros2_ws/build/cpp_pubsub
[5.467s] -- Install configuration: ""
[5.467s] -- Installing: /root/my_ros2_ws/install/cpp_pubsub/lib/cpp_pubsub/publisher1
[5.468s] -- Set runtime path of "/root/my_ros2_ws/install/cpp_pubsub/lib/cpp_pubsub/publisher1" to ""
[5.468s] -- Installing: /root/my_ros2_ws/install/cpp_pubsub/lib/cpp_pubsub/publisher2
[5.469s] -- Set runtime path of "/root/my_ros2_ws/install/cpp_pubsub/lib/cpp_pubsub/publisher2" to ""
[5.469s] -- Installing: /root/my_ros2_ws/install/cpp_pubsub/lib/cpp_pubsub/subscriber
[5.470s] -- Set runtime path of "/root/my_ros2_ws/install/cpp_pubsub/lib/cpp_pubsub/subscriber" to ""
[5.470s] -- Installing: /root/my_ros2_ws/install/cpp_pubsub/share/ament_index/resource_index/package_run_dependencies/cpp_pubsub
[5.470s] -- Installing: /root/my_ros2_ws/install/cpp_pubsub/share/ament_index/resource_index/parent_prefix_path/cpp_pubsub
[5.470s] -- Up-to-date: /root/my_ros2_ws/install/cpp_pubsub/share/cpp_pubsub/environment/ament_prefix_path.sh
[5.471s] -- Installing: /root/my_ros2_ws/install/cpp_pubsub/share/cpp_pubsub/environment/ament_prefix_path.dsv
[5.471s] -- Up-to-date: /root/my_ros2_ws/install/cpp_pubsub/share/cpp_pubsub/environment/path.sh
[5.471s] -- Installing: /root/my_ros2_ws/install/cpp_pubsub/share/cpp_pubsub/environment/path.dsv
[5.471s] -- Up-to-date: /root/my_ros2_ws/install/cpp_pubsub/share/cpp_pubsub/local_setup.bash
[5.471s] -- Up-to-date: /root/my_ros2_ws/install/cpp_pubsub/share/cpp_pubsub/local_setup.sh
[5.471s] -- Up-to-date: /root/my_ros2_ws/install/cpp_pubsub/share/cpp_pubsub/local_setup.zsh
[5.471s] -- Installing: /root/my_ros2_ws/install/cpp_pubsub/share/cpp_pubsub/local_setup.dsv
[5.471s] -- Installing: /root/my_ros2_ws/install/cpp_pubsub/share/cpp_pubsub/package.dsv
[5.471s] -- Up-to-date: /root/my_ros2_ws/install/cpp_pubsub/share/ament_index/resource_index/packages/cpp_pubsub
[5.471s] -- Up-to-date: /root/my_ros2_ws/install/cpp_pubsub/share/cpp_pubsub/cmake/cpp_pubsubConfig.cmake
[5.472s] -- Up-to-date: /root/my_ros2_ws/install/cpp_pubsub/share/cpp_pubsub/cmake/cpp_pubsubConfig-version.cmake
[5.472s] -- Installing: /root/my_ros2_ws/install/cpp_pubsub/share/cpp_pubsub/package.xml
[5.473s] Invoked command in '/root/my_ros2_ws/build/cpp_pubsub' returned '0': CMAKE_PREFIX_PATH=${CMAKE_PREFIX_PATH}:/root/my_ros2_ws/install/py_pubsub:/opt/ros/foxy /usr/bin/cmake --install /root/my_ros2_ws/build/cpp_pubsub
