[0.184s] Invoking command in '/root/my_ros2_ws/build/turtle_controller': CMAKE_PREFIX_PATH=${CMAKE_PREFIX_PATH}:/root/my_ros2_ws/install/py_pubsub:/opt/ros/foxy /usr/bin/cmake /root/my_ros2_ws/src/turtle_controller_ROS2 -DCMAKE_INSTALL_PREFIX=/root/my_ros2_ws/install/turtle_controller
[0.221s] -- The C compiler identification is GNU 9.3.0
[0.262s] -- The CXX compiler identification is GNU 9.3.0
[0.266s] -- Check for working C compiler: /usr/bin/cc
[0.317s] -- Check for working C compiler: /usr/bin/cc -- works
[0.318s] -- Detecting C compiler ABI info
[0.367s] -- Detecting C compiler ABI info - done
[0.375s] -- Detecting C compile features
[0.375s] -- Detecting C compile features - done
[0.377s] -- Check for working CXX compiler: /usr/bin/c++
[0.436s] -- Check for working CXX compiler: /usr/bin/c++ -- works
[0.437s] -- Detecting CXX compiler ABI info
[0.496s] -- Detecting CXX compiler ABI info - done
[0.504s] -- Detecting CXX compile features
[0.505s] -- Detecting CXX compile features - done
[0.506s] -- Found ament_cmake: 0.9.8 (/opt/ros/foxy/share/ament_cmake/cmake)
[0.525s] -- Found PythonInterp: /usr/bin/python3 (found suitable version "3.8.5", minimum required is "3") 
[0.525s] -- Using PYTHON_EXECUTABLE: /usr/bin/python3
[0.671s] -- Found rclcpp: 2.3.0 (/opt/ros/foxy/share/rclcpp/cmake)
[0.702s] -- Using all available rosidl_typesupport_c: rosidl_typesupport_fastrtps_c;rosidl_typesupport_introspection_c
[0.706s] -- Found rosidl_adapter: 1.2.0 (/opt/ros/foxy/share/rosidl_adapter/cmake)
[0.763s] -- Found OpenSSL: /usr/lib/x86_64-linux-gnu/libcrypto.so (found version "1.1.1f")  
[0.787s] -- Found FastRTPS: /opt/ros/foxy/include  
[0.846s] -- Using all available rosidl_typesupport_cpp: rosidl_typesupport_fastrtps_cpp;rosidl_typesupport_introspection_cpp
[0.882s] -- Found rmw_implementation_cmake: 1.0.2 (/opt/ros/foxy/share/rmw_implementation_cmake/cmake)
[0.883s] -- Using RMW implementation 'rmw_fastrtps_cpp' as default
[0.884s] -- Looking for pthread.h
[0.938s] -- Looking for pthread.h - found
[0.939s] -- Performing Test CMAKE_HAVE_LIBC_PTHREAD
[0.988s] -- Performing Test CMAKE_HAVE_LIBC_PTHREAD - Failed
[0.989s] -- Looking for pthread_create in pthreads
[1.027s] -- Looking for pthread_create in pthreads - not found
[1.027s] -- Looking for pthread_create in pthread
[1.079s] -- Looking for pthread_create in pthread - found
[1.080s] -- Found Threads: TRUE  
[1.182s] -- Found geometry_msgs: 2.0.3 (/opt/ros/foxy/share/geometry_msgs/cmake)
[1.206s] -- Found turtlesim: 1.2.5 (/opt/ros/foxy/share/turtlesim/cmake)
[1.285s] -- Found ament_lint_auto: 0.9.6 (/opt/ros/foxy/share/ament_lint_auto/cmake)
[1.342s] -- Added test 'copyright' to check source files copyright and LICENSE
[1.343s] -- Added test 'cppcheck' to perform static code analysis on C / C++ code
[1.343s] -- Configured cppcheck include dirs: 
[1.343s] -- Configured cppcheck exclude dirs and/or files: 
[1.344s] -- Added test 'cpplint' to check C / C++ code against the Google style
[1.344s] -- Configured cpplint exclude dirs and/or files: 
[1.344s] -- Added test 'lint_cmake' to check CMake code style
[1.345s] -- Added test 'uncrustify' to check C / C++ code style
[1.345s] -- Configured uncrustify additional arguments: 
[1.345s] -- Added test 'xmllint' to check XML markup files
[1.348s] -- Configuring done
[1.355s] -- Generating done
[1.357s] -- Build files have been written to: /root/my_ros2_ws/build/turtle_controller
[1.365s] Invoked command in '/root/my_ros2_ws/build/turtle_controller' returned '0': CMAKE_PREFIX_PATH=${CMAKE_PREFIX_PATH}:/root/my_ros2_ws/install/py_pubsub:/opt/ros/foxy /usr/bin/cmake /root/my_ros2_ws/src/turtle_controller_ROS2 -DCMAKE_INSTALL_PREFIX=/root/my_ros2_ws/install/turtle_controller
[1.368s] Invoking command in '/root/my_ros2_ws/build/turtle_controller': CMAKE_PREFIX_PATH=${CMAKE_PREFIX_PATH}:/root/my_ros2_ws/install/py_pubsub:/opt/ros/foxy /usr/bin/cmake --build /root/my_ros2_ws/build/turtle_controller -- -j16 -l16
[1.396s] [35m[1mScanning dependencies of target turtle_controller_ROS2[0m
[1.420s] [ 50%] [32mBuilding CXX object CMakeFiles/turtle_controller_ROS2.dir/src/turtle_controller_ROS2.cpp.o[0m
[5.771s] [100%] [32m[1mLinking CXX executable turtle_controller_ROS2[0m
[5.953s] [100%] Built target turtle_controller_ROS2
[5.961s] Invoked command in '/root/my_ros2_ws/build/turtle_controller' returned '0': CMAKE_PREFIX_PATH=${CMAKE_PREFIX_PATH}:/root/my_ros2_ws/install/py_pubsub:/opt/ros/foxy /usr/bin/cmake --build /root/my_ros2_ws/build/turtle_controller -- -j16 -l16
[5.980s] Invoking command in '/root/my_ros2_ws/build/turtle_controller': CMAKE_PREFIX_PATH=${CMAKE_PREFIX_PATH}:/root/my_ros2_ws/install/py_pubsub:/opt/ros/foxy /usr/bin/cmake --install /root/my_ros2_ws/build/turtle_controller
[5.985s] -- Install configuration: ""
[5.985s] -- Installing: /root/my_ros2_ws/install/turtle_controller/lib/turtle_controller/turtle_controller_ROS2
[5.986s] -- Set runtime path of "/root/my_ros2_ws/install/turtle_controller/lib/turtle_controller/turtle_controller_ROS2" to ""
[5.986s] -- Installing: /root/my_ros2_ws/install/turtle_controller/share/ament_index/resource_index/package_run_dependencies/turtle_controller
[5.987s] -- Installing: /root/my_ros2_ws/install/turtle_controller/share/ament_index/resource_index/parent_prefix_path/turtle_controller
[5.987s] -- Installing: /root/my_ros2_ws/install/turtle_controller/share/turtle_controller/environment/ament_prefix_path.sh
[5.987s] -- Installing: /root/my_ros2_ws/install/turtle_controller/share/turtle_controller/environment/ament_prefix_path.dsv
[5.987s] -- Installing: /root/my_ros2_ws/install/turtle_controller/share/turtle_controller/environment/path.sh
[5.988s] -- Installing: /root/my_ros2_ws/install/turtle_controller/share/turtle_controller/environment/path.dsv
[5.988s] -- Installing: /root/my_ros2_ws/install/turtle_controller/share/turtle_controller/local_setup.bash
[5.989s] -- Installing: /root/my_ros2_ws/install/turtle_controller/share/turtle_controller/local_setup.sh
[5.989s] -- Installing: /root/my_ros2_ws/install/turtle_controller/share/turtle_controller/local_setup.zsh
[5.989s] -- Installing: /root/my_ros2_ws/install/turtle_controller/share/turtle_controller/local_setup.dsv
[5.989s] -- Installing: /root/my_ros2_ws/install/turtle_controller/share/turtle_controller/package.dsv
[5.989s] -- Installing: /root/my_ros2_ws/install/turtle_controller/share/ament_index/resource_index/packages/turtle_controller
[5.989s] -- Installing: /root/my_ros2_ws/install/turtle_controller/share/turtle_controller/cmake/turtle_controllerConfig.cmake
[5.989s] -- Installing: /root/my_ros2_ws/install/turtle_controller/share/turtle_controller/cmake/turtle_controllerConfig-version.cmake
[5.989s] -- Installing: /root/my_ros2_ws/install/turtle_controller/share/turtle_controller/package.xml
[5.992s] Invoked command in '/root/my_ros2_ws/build/turtle_controller' returned '0': CMAKE_PREFIX_PATH=${CMAKE_PREFIX_PATH}:/root/my_ros2_ws/install/py_pubsub:/opt/ros/foxy /usr/bin/cmake --install /root/my_ros2_ws/build/turtle_controller
