[35m[1mScanning dependencies of target turtle_controller[0m
[ 50%] [32mBuilding CXX object CMakeFiles/turtle_controller.dir/src/turtle_controller.cpp.o[0m
[100%] [32m[1mLinking CXX executable turtle_controller[0m
[100%] Built target turtle_controller
-- Install configuration: ""
-- Installing: /root/my_ros2_ws/install/turtle_controller/lib/turtle_controller/turtle_controller
-- Set runtime path of "/root/my_ros2_ws/install/turtle_controller/lib/turtle_controller/turtle_controller" to ""
-- Up-to-date: /root/my_ros2_ws/install/turtle_controller/share/ament_index/resource_index/package_run_dependencies/turtle_controller
-- Up-to-date: /root/my_ros2_ws/install/turtle_controller/share/ament_index/resource_index/parent_prefix_path/turtle_controller
-- Up-to-date: /root/my_ros2_ws/install/turtle_controller/share/turtle_controller/environment/ament_prefix_path.sh
-- Up-to-date: /root/my_ros2_ws/install/turtle_controller/share/turtle_controller/environment/ament_prefix_path.dsv
-- Up-to-date: /root/my_ros2_ws/install/turtle_controller/share/turtle_controller/environment/path.sh
-- Up-to-date: /root/my_ros2_ws/install/turtle_controller/share/turtle_controller/environment/path.dsv
-- Up-to-date: /root/my_ros2_ws/install/turtle_controller/share/turtle_controller/local_setup.bash
-- Up-to-date: /root/my_ros2_ws/install/turtle_controller/share/turtle_controller/local_setup.sh
-- Up-to-date: /root/my_ros2_ws/install/turtle_controller/share/turtle_controller/local_setup.zsh
-- Up-to-date: /root/my_ros2_ws/install/turtle_controller/share/turtle_controller/local_setup.dsv
-- Installing: /root/my_ros2_ws/install/turtle_controller/share/turtle_controller/package.dsv
-- Up-to-date: /root/my_ros2_ws/install/turtle_controller/share/ament_index/resource_index/packages/turtle_controller
-- Up-to-date: /root/my_ros2_ws/install/turtle_controller/share/turtle_controller/cmake/turtle_controllerConfig.cmake
-- Up-to-date: /root/my_ros2_ws/install/turtle_controller/share/turtle_controller/cmake/turtle_controllerConfig-version.cmake
-- Up-to-date: /root/my_ros2_ws/install/turtle_controller/share/turtle_controller/package.xml
