[0.026s] Invoking command in '/root/my_ros2_ws/build/cpp_pubsub': CMAKE_PREFIX_PATH=/opt/ros/foxy /usr/bin/cmake /root/my_ros2_ws/src/cpp_pubsub -DCMAKE_INSTALL_PREFIX=/root/my_ros2_ws/install/cpp_pubsub
[0.219s] -- The C compiler identification is GNU 9.3.0
[0.253s] -- The CXX compiler identification is GNU 9.3.0
[0.259s] -- Check for working C compiler: /usr/bin/cc
[0.320s] -- Check for working C compiler: /usr/bin/cc -- works
[0.322s] -- Detecting C compiler ABI info
[0.375s] -- Detecting C compiler ABI info - done
[0.384s] -- Detecting C compile features
[0.384s] -- Detecting C compile features - done
[0.386s] -- Check for working CXX compiler: /usr/bin/c++
[0.446s] -- Check for working CXX compiler: /usr/bin/c++ -- works
[0.447s] -- Detecting CXX compiler ABI info
[0.513s] -- Detecting CXX compiler ABI info - done
[0.521s] -- Detecting CXX compile features
[0.522s] -- Detecting CXX compile features - done
[0.528s] -- Found ament_cmake: 0.9.8 (/opt/ros/foxy/share/ament_cmake/cmake)
[0.552s] -- Found PythonInterp: /usr/bin/python3 (found suitable version "3.8.5", minimum required is "3") 
[0.552s] -- Using PYTHON_EXECUTABLE: /usr/bin/python3
[0.730s] -- Found ament_lint_auto: 0.9.6 (/opt/ros/foxy/share/ament_lint_auto/cmake)
[0.803s] -- Added test 'copyright' to check source files copyright and LICENSE
[0.805s] -- Added test 'lint_cmake' to check CMake code style
[0.806s] -- Added test 'xmllint' to check XML markup files
[0.808s] -- Configuring done
[0.810s] -- Generating done
[0.811s] -- Build files have been written to: /root/my_ros2_ws/build/cpp_pubsub
[0.815s] Invoked command in '/root/my_ros2_ws/build/cpp_pubsub' returned '0': CMAKE_PREFIX_PATH=/opt/ros/foxy /usr/bin/cmake /root/my_ros2_ws/src/cpp_pubsub -DCMAKE_INSTALL_PREFIX=/root/my_ros2_ws/install/cpp_pubsub
[0.818s] Invoking command in '/root/my_ros2_ws/build/cpp_pubsub': CMAKE_PREFIX_PATH=/opt/ros/foxy /usr/bin/cmake --build /root/my_ros2_ws/build/cpp_pubsub -- -j16 -l16
[0.847s] Invoked command in '/root/my_ros2_ws/build/cpp_pubsub' returned '0': CMAKE_PREFIX_PATH=/opt/ros/foxy /usr/bin/cmake --build /root/my_ros2_ws/build/cpp_pubsub -- -j16 -l16
[0.873s] Invoking command in '/root/my_ros2_ws/build/cpp_pubsub': CMAKE_PREFIX_PATH=/opt/ros/foxy /usr/bin/cmake --install /root/my_ros2_ws/build/cpp_pubsub
[0.878s] -- Install configuration: ""
[0.878s] -- Installing: /root/my_ros2_ws/install/cpp_pubsub/share/ament_index/resource_index/package_run_dependencies/cpp_pubsub
[0.879s] -- Installing: /root/my_ros2_ws/install/cpp_pubsub/share/ament_index/resource_index/parent_prefix_path/cpp_pubsub
[0.879s] -- Installing: /root/my_ros2_ws/install/cpp_pubsub/share/cpp_pubsub/environment/ament_prefix_path.sh
[0.879s] -- Installing: /root/my_ros2_ws/install/cpp_pubsub/share/cpp_pubsub/environment/ament_prefix_path.dsv
[0.879s] -- Installing: /root/my_ros2_ws/install/cpp_pubsub/share/cpp_pubsub/environment/path.sh
[0.879s] -- Installing: /root/my_ros2_ws/install/cpp_pubsub/share/cpp_pubsub/environment/path.dsv
[0.879s] -- Installing: /root/my_ros2_ws/install/cpp_pubsub/share/cpp_pubsub/local_setup.bash
[0.879s] -- Installing: /root/my_ros2_ws/install/cpp_pubsub/share/cpp_pubsub/local_setup.sh
[0.880s] -- Installing: /root/my_ros2_ws/install/cpp_pubsub/share/cpp_pubsub/local_setup.zsh
[0.880s] -- Installing: /root/my_ros2_ws/install/cpp_pubsub/share/cpp_pubsub/local_setup.dsv
[0.880s] -- Installing: /root/my_ros2_ws/install/cpp_pubsub/share/cpp_pubsub/package.dsv
[0.880s] -- Installing: /root/my_ros2_ws/install/cpp_pubsub/share/ament_index/resource_index/packages/cpp_pubsub
[0.880s] -- Installing: /root/my_ros2_ws/install/cpp_pubsub/share/cpp_pubsub/cmake/cpp_pubsubConfig.cmake
[0.880s] -- Installing: /root/my_ros2_ws/install/cpp_pubsub/share/cpp_pubsub/cmake/cpp_pubsubConfig-version.cmake
[0.880s] -- Installing: /root/my_ros2_ws/install/cpp_pubsub/share/cpp_pubsub/package.xml
[0.883s] Invoked command in '/root/my_ros2_ws/build/cpp_pubsub' returned '0': CMAKE_PREFIX_PATH=/opt/ros/foxy /usr/bin/cmake --install /root/my_ros2_ws/build/cpp_pubsub
