-- Found ament_cmake: 0.9.8 (/opt/ros/foxy/share/ament_cmake/cmake)
-- Using PYTHON_EXECUTABLE: /usr/bin/python3
-- Found rclcpp: 2.3.0 (/opt/ros/foxy/share/rclcpp/cmake)
-- Using all available rosidl_typesupport_c: rosidl_typesupport_fastrtps_c;rosidl_typesupport_introspection_c
-- Found rosidl_adapter: 1.2.0 (/opt/ros/foxy/share/rosidl_adapter/cmake)
-- Using all available rosidl_typesupport_cpp: rosidl_typesupport_fastrtps_cpp;rosidl_typesupport_introspection_cpp
-- Found rmw_implementation_cmake: 1.0.2 (/opt/ros/foxy/share/rmw_implementation_cmake/cmake)
-- Using RMW implementation 'rmw_fastrtps_cpp' as default
-- Found geometry_msgs: 2.0.3 (/opt/ros/foxy/share/geometry_msgs/cmake)
-- Found turtlesim: 1.2.5 (/opt/ros/foxy/share/turtlesim/cmake)
-- Found ament_lint_auto: 0.9.6 (/opt/ros/foxy/share/ament_lint_auto/cmake)
-- Added test 'copyright' to check source files copyright and LICENSE
-- Added test 'cppcheck' to perform static code analysis on C / C++ code
-- Configured cppcheck include dirs: 
-- Configured cppcheck exclude dirs and/or files: 
-- Added test 'cpplint' to check C / C++ code against the Google style
-- Configured cpplint exclude dirs and/or files: 
-- Added test 'lint_cmake' to check CMake code style
-- Added test 'uncrustify' to check C / C++ code style
-- Configured uncrustify additional arguments: 
-- Added test 'xmllint' to check XML markup files
-- Configuring done
-- Generating done
-- Build files have been written to: /root/my_ros2_ws/build/turtle_controller
[100%] Built target turtle_controller
-- Install configuration: ""
-- Up-to-date: /root/my_ros2_ws/install/turtle_controller/lib/turtle_controller/turtle_controller
-- Up-to-date: /root/my_ros2_ws/install/turtle_controller/share/ament_index/resource_index/package_run_dependencies/turtle_controller
-- Up-to-date: /root/my_ros2_ws/install/turtle_controller/share/ament_index/resource_index/parent_prefix_path/turtle_controller
-- Up-to-date: /root/my_ros2_ws/install/turtle_controller/share/turtle_controller/environment/ament_prefix_path.sh
-- Installing: /root/my_ros2_ws/install/turtle_controller/share/turtle_controller/environment/ament_prefix_path.dsv
-- Up-to-date: /root/my_ros2_ws/install/turtle_controller/share/turtle_controller/environment/path.sh
-- Installing: /root/my_ros2_ws/install/turtle_controller/share/turtle_controller/environment/path.dsv
-- Up-to-date: /root/my_ros2_ws/install/turtle_controller/share/turtle_controller/local_setup.bash
-- Up-to-date: /root/my_ros2_ws/install/turtle_controller/share/turtle_controller/local_setup.sh
-- Up-to-date: /root/my_ros2_ws/install/turtle_controller/share/turtle_controller/local_setup.zsh
-- Installing: /root/my_ros2_ws/install/turtle_controller/share/turtle_controller/local_setup.dsv
-- Installing: /root/my_ros2_ws/install/turtle_controller/share/turtle_controller/package.dsv
-- Up-to-date: /root/my_ros2_ws/install/turtle_controller/share/ament_index/resource_index/packages/turtle_controller
-- Up-to-date: /root/my_ros2_ws/install/turtle_controller/share/turtle_controller/cmake/turtle_controllerConfig.cmake
-- Up-to-date: /root/my_ros2_ws/install/turtle_controller/share/turtle_controller/cmake/turtle_controllerConfig-version.cmake
-- Installing: /root/my_ros2_ws/install/turtle_controller/share/turtle_controller/package.xml
