[0.200s] Invoking command in '/root/my_ros2_ws/build/turtle_controller': CMAKE_PREFIX_PATH=${CMAKE_PREFIX_PATH}:/root/my_ros2_ws/install/py_pubsub:/opt/ros/foxy /usr/bin/cmake --build /root/my_ros2_ws/build/turtle_controller -- -j16 -l16
[0.218s] -- Found ament_cmake: 0.9.8 (/opt/ros/foxy/share/ament_cmake/cmake)
[0.239s] -- Using PYTHON_EXECUTABLE: /usr/bin/python3
[0.386s] -- Found rclcpp: 2.3.0 (/opt/ros/foxy/share/rclcpp/cmake)
[0.412s] -- Using all available rosidl_typesupport_c: rosidl_typesupport_fastrtps_c;rosidl_typesupport_introspection_c
[0.414s] -- Found rosidl_adapter: 1.2.0 (/opt/ros/foxy/share/rosidl_adapter/cmake)
[0.523s] -- Using all available rosidl_typesupport_cpp: rosidl_typesupport_fastrtps_cpp;rosidl_typesupport_introspection_cpp
[0.559s] -- Found rmw_implementation_cmake: 1.0.2 (/opt/ros/foxy/share/rmw_implementation_cmake/cmake)
[0.560s] -- Using RMW implementation 'rmw_fastrtps_cpp' as default
[0.657s] -- Found geometry_msgs: 2.0.3 (/opt/ros/foxy/share/geometry_msgs/cmake)
[0.678s] -- Found turtlesim: 1.2.5 (/opt/ros/foxy/share/turtlesim/cmake)
[0.745s] -- Found ament_lint_auto: 0.9.6 (/opt/ros/foxy/share/ament_lint_auto/cmake)
[0.796s] -- Added test 'copyright' to check source files copyright and LICENSE
[0.797s] -- Added test 'cppcheck' to perform static code analysis on C / C++ code
[0.797s] -- Configured cppcheck include dirs: 
[0.797s] -- Configured cppcheck exclude dirs and/or files: 
[0.798s] -- Added test 'cpplint' to check C / C++ code against the Google style
[0.798s] -- Configured cpplint exclude dirs and/or files: 
[0.798s] -- Added test 'lint_cmake' to check CMake code style
[0.798s] -- Added test 'uncrustify' to check C / C++ code style
[0.798s] -- Configured uncrustify additional arguments: 
[0.799s] -- Added test 'xmllint' to check XML markup files
[0.800s] -- Configuring done
[0.808s] -- Generating done
[0.810s] -- Build files have been written to: /root/my_ros2_ws/build/turtle_controller
[0.847s] [100%] Built target turtle_controller
[0.856s] Invoked command in '/root/my_ros2_ws/build/turtle_controller' returned '0': CMAKE_PREFIX_PATH=${CMAKE_PREFIX_PATH}:/root/my_ros2_ws/install/py_pubsub:/opt/ros/foxy /usr/bin/cmake --build /root/my_ros2_ws/build/turtle_controller -- -j16 -l16
[0.877s] Invoking command in '/root/my_ros2_ws/build/turtle_controller': CMAKE_PREFIX_PATH=${CMAKE_PREFIX_PATH}:/root/my_ros2_ws/install/py_pubsub:/opt/ros/foxy /usr/bin/cmake --install /root/my_ros2_ws/build/turtle_controller
[0.883s] -- Install configuration: ""
[0.883s] -- Up-to-date: /root/my_ros2_ws/install/turtle_controller/lib/turtle_controller/turtle_controller
[0.883s] -- Up-to-date: /root/my_ros2_ws/install/turtle_controller/share/ament_index/resource_index/package_run_dependencies/turtle_controller
[0.884s] -- Up-to-date: /root/my_ros2_ws/install/turtle_controller/share/ament_index/resource_index/parent_prefix_path/turtle_controller
[0.884s] -- Up-to-date: /root/my_ros2_ws/install/turtle_controller/share/turtle_controller/environment/ament_prefix_path.sh
[0.884s] -- Installing: /root/my_ros2_ws/install/turtle_controller/share/turtle_controller/environment/ament_prefix_path.dsv
[0.884s] -- Up-to-date: /root/my_ros2_ws/install/turtle_controller/share/turtle_controller/environment/path.sh
[0.884s] -- Installing: /root/my_ros2_ws/install/turtle_controller/share/turtle_controller/environment/path.dsv
[0.884s] -- Up-to-date: /root/my_ros2_ws/install/turtle_controller/share/turtle_controller/local_setup.bash
[0.884s] -- Up-to-date: /root/my_ros2_ws/install/turtle_controller/share/turtle_controller/local_setup.sh
[0.884s] -- Up-to-date: /root/my_ros2_ws/install/turtle_controller/share/turtle_controller/local_setup.zsh
[0.885s] -- Installing: /root/my_ros2_ws/install/turtle_controller/share/turtle_controller/local_setup.dsv
[0.885s] -- Installing: /root/my_ros2_ws/install/turtle_controller/share/turtle_controller/package.dsv
[0.885s] -- Up-to-date: /root/my_ros2_ws/install/turtle_controller/share/ament_index/resource_index/packages/turtle_controller
[0.885s] -- Up-to-date: /root/my_ros2_ws/install/turtle_controller/share/turtle_controller/cmake/turtle_controllerConfig.cmake
[0.885s] -- Up-to-date: /root/my_ros2_ws/install/turtle_controller/share/turtle_controller/cmake/turtle_controllerConfig-version.cmake
[0.885s] -- Installing: /root/my_ros2_ws/install/turtle_controller/share/turtle_controller/package.xml
[0.886s] Invoked command in '/root/my_ros2_ws/build/turtle_controller' returned '0': CMAKE_PREFIX_PATH=${CMAKE_PREFIX_PATH}:/root/my_ros2_ws/install/py_pubsub:/opt/ros/foxy /usr/bin/cmake --install /root/my_ros2_ws/build/turtle_controller
