[0.023s] Invoking command in '/root/my_ros2_ws/build/cpp_pubsub': CMAKE_PREFIX_PATH=${CMAKE_PREFIX_PATH}:/root/my_ros2_ws/install/py_pubsub:/opt/ros/foxy /usr/bin/cmake --build /root/my_ros2_ws/build/cpp_pubsub -- -j16 -l16
[0.065s] [ 66%] Built target publisher1
[0.065s] [ 83%] Built target subscriber
[0.065s] [100%] Built target publisher2
[0.226s] Invoked command in '/root/my_ros2_ws/build/cpp_pubsub' returned '0': CMAKE_PREFIX_PATH=${CMAKE_PREFIX_PATH}:/root/my_ros2_ws/install/py_pubsub:/opt/ros/foxy /usr/bin/cmake --build /root/my_ros2_ws/build/cpp_pubsub -- -j16 -l16
[0.253s] Invoking command in '/root/my_ros2_ws/build/cpp_pubsub': CMAKE_PREFIX_PATH=${CMAKE_PREFIX_PATH}:/root/my_ros2_ws/install/py_pubsub:/opt/ros/foxy /usr/bin/cmake --install /root/my_ros2_ws/build/cpp_pubsub
[0.258s] -- Install configuration: ""
[0.258s] -- Up-to-date: /root/my_ros2_ws/install/cpp_pubsub/lib/cpp_pubsub/publisher1
[0.259s] -- Up-to-date: /root/my_ros2_ws/install/cpp_pubsub/lib/cpp_pubsub/publisher2
[0.259s] -- Up-to-date: /root/my_ros2_ws/install/cpp_pubsub/lib/cpp_pubsub/subscriber
[0.259s] -- Up-to-date: /root/my_ros2_ws/install/cpp_pubsub/share/ament_index/resource_index/package_run_dependencies/cpp_pubsub
[0.259s] -- Up-to-date: /root/my_ros2_ws/install/cpp_pubsub/share/ament_index/resource_index/parent_prefix_path/cpp_pubsub
[0.259s] -- Up-to-date: /root/my_ros2_ws/install/cpp_pubsub/share/cpp_pubsub/environment/ament_prefix_path.sh
[0.260s] -- Up-to-date: /root/my_ros2_ws/install/cpp_pubsub/share/cpp_pubsub/environment/ament_prefix_path.dsv
[0.260s] -- Up-to-date: /root/my_ros2_ws/install/cpp_pubsub/share/cpp_pubsub/environment/path.sh
[0.260s] -- Up-to-date: /root/my_ros2_ws/install/cpp_pubsub/share/cpp_pubsub/environment/path.dsv
[0.260s] -- Up-to-date: /root/my_ros2_ws/install/cpp_pubsub/share/cpp_pubsub/local_setup.bash
[0.260s] -- Up-to-date: /root/my_ros2_ws/install/cpp_pubsub/share/cpp_pubsub/local_setup.sh
[0.260s] -- Up-to-date: /root/my_ros2_ws/install/cpp_pubsub/share/cpp_pubsub/local_setup.zsh
[0.260s] -- Up-to-date: /root/my_ros2_ws/install/cpp_pubsub/share/cpp_pubsub/local_setup.dsv
[0.260s] -- Installing: /root/my_ros2_ws/install/cpp_pubsub/share/cpp_pubsub/package.dsv
[0.260s] -- Up-to-date: /root/my_ros2_ws/install/cpp_pubsub/share/ament_index/resource_index/packages/cpp_pubsub
[0.260s] -- Up-to-date: /root/my_ros2_ws/install/cpp_pubsub/share/cpp_pubsub/cmake/cpp_pubsubConfig.cmake
[0.261s] -- Up-to-date: /root/my_ros2_ws/install/cpp_pubsub/share/cpp_pubsub/cmake/cpp_pubsubConfig-version.cmake
[0.261s] -- Up-to-date: /root/my_ros2_ws/install/cpp_pubsub/share/cpp_pubsub/package.xml
[0.262s] Invoked command in '/root/my_ros2_ws/build/cpp_pubsub' returned '0': CMAKE_PREFIX_PATH=${CMAKE_PREFIX_PATH}:/root/my_ros2_ws/install/py_pubsub:/opt/ros/foxy /usr/bin/cmake --install /root/my_ros2_ws/build/cpp_pubsub
