[0.218s] DEBUG:colcon:Command line arguments: ['/usr/bin/colcon', 'build']
[0.218s] DEBUG:colcon:Parsed command line arguments: Namespace(ament_cmake_args=None, base_paths=['.'], build_base='build', catkin_cmake_args=None, catkin_skip_building_tests=False, cmake_args=None, cmake_clean_cache=False, cmake_clean_first=False, cmake_force_configure=False, cmake_target=None, cmake_target_skip_unavailable=False, continue_on_error=False, event_handlers=None, executor='parallel', ignore_user_meta=False, install_base='install', log_base=None, log_level=None, main=<bound method BuildVerb.main of <colcon_core.verb.build.BuildVerb object at 0x7f96b7b43880>>, merge_install=False, metas=['./colcon.meta'], packages_above=None, packages_above_and_dependencies=None, packages_above_depth=None, packages_end=None, packages_ignore=None, packages_ignore_regex=None, packages_select=None, packages_select_build_failed=False, packages_select_by_dep=None, packages_select_regex=None, packages_select_test_failures=False, packages_skip=None, packages_skip_build_finished=False, packages_skip_by_dep=None, packages_skip_regex=None, packages_skip_test_passed=False, packages_skip_up_to=None, packages_start=None, packages_up_to=None, packages_up_to_regex=None, parallel_workers=16, paths=None, symlink_install=False, test_result_base=None, verb_extension=<colcon_core.verb.build.BuildVerb object at 0x7f96b7b43880>, verb_name='build', verb_parser=<colcon_defaults.argument_parser.defaults.DefaultArgumentsDecorator object at 0x7f96b8219940>)
[0.221s] Level 1:colcon.colcon_core.package_discovery:discover_packages(colcon_meta) check parameters
[0.221s] Level 1:colcon.colcon_core.package_discovery:discover_packages(recursive) check parameters
[0.221s] Level 1:colcon.colcon_core.package_discovery:discover_packages(ignore) check parameters
[0.221s] Level 1:colcon.colcon_core.package_discovery:discover_packages(path) check parameters
[0.221s] Level 1:colcon.colcon_core.package_discovery:discover_packages(colcon_meta) discover
[0.221s] Level 1:colcon.colcon_core.package_discovery:discover_packages(recursive) discover
[0.222s] INFO:colcon.colcon_core.package_discovery:Crawling recursively for packages in '/root/my_ros2_ws'
[0.222s] Level 1:colcon.colcon_core.package_identification:_identify(.) by extensions ['ignore', 'ignore_ament_install']
[0.222s] Level 1:colcon.colcon_core.package_identification:_identify(.) by extension 'ignore'
[0.222s] Level 1:colcon.colcon_core.package_identification:_identify(.) by extension 'ignore_ament_install'
[0.222s] Level 1:colcon.colcon_core.package_identification:_identify(.) by extensions ['colcon_pkg']
[0.222s] Level 1:colcon.colcon_core.package_identification:_identify(.) by extension 'colcon_pkg'
[0.222s] Level 1:colcon.colcon_core.package_identification:_identify(.) by extensions ['colcon_meta']
[0.222s] Level 1:colcon.colcon_core.package_identification:_identify(.) by extension 'colcon_meta'
[0.222s] Level 1:colcon.colcon_core.package_identification:_identify(.) by extensions ['ros']
[0.222s] Level 1:colcon.colcon_core.package_identification:_identify(.) by extension 'ros'
[0.231s] Level 1:colcon.colcon_core.package_identification:_identify(.) by extensions ['cmake', 'python']
[0.231s] Level 1:colcon.colcon_core.package_identification:_identify(.) by extension 'cmake'
[0.231s] Level 1:colcon.colcon_core.package_identification:_identify(.) by extension 'python'
[0.231s] Level 1:colcon.colcon_core.package_identification:_identify(.) by extensions ['python_setup_py']
[0.231s] Level 1:colcon.colcon_core.package_identification:_identify(.) by extension 'python_setup_py'
[0.231s] Level 1:colcon.colcon_core.package_identification:_identify(build) by extensions ['ignore', 'ignore_ament_install']
[0.231s] Level 1:colcon.colcon_core.package_identification:_identify(build) by extension 'ignore'
[0.231s] Level 1:colcon.colcon_core.package_identification:_identify(build) ignored
[0.231s] Level 1:colcon.colcon_core.package_identification:_identify(install) by extensions ['ignore', 'ignore_ament_install']
[0.231s] Level 1:colcon.colcon_core.package_identification:_identify(install) by extension 'ignore'
[0.231s] Level 1:colcon.colcon_core.package_identification:_identify(install) ignored
[0.231s] Level 1:colcon.colcon_core.package_identification:_identify(log) by extensions ['ignore', 'ignore_ament_install']
[0.231s] Level 1:colcon.colcon_core.package_identification:_identify(log) by extension 'ignore'
[0.231s] Level 1:colcon.colcon_core.package_identification:_identify(log) ignored
[0.231s] Level 1:colcon.colcon_core.package_identification:_identify(src) by extensions ['ignore', 'ignore_ament_install']
[0.231s] Level 1:colcon.colcon_core.package_identification:_identify(src) by extension 'ignore'
[0.231s] Level 1:colcon.colcon_core.package_identification:_identify(src) by extension 'ignore_ament_install'
[0.231s] Level 1:colcon.colcon_core.package_identification:_identify(src) by extensions ['colcon_pkg']
[0.231s] Level 1:colcon.colcon_core.package_identification:_identify(src) by extension 'colcon_pkg'
[0.232s] Level 1:colcon.colcon_core.package_identification:_identify(src) by extensions ['colcon_meta']
[0.232s] Level 1:colcon.colcon_core.package_identification:_identify(src) by extension 'colcon_meta'
[0.232s] Level 1:colcon.colcon_core.package_identification:_identify(src) by extensions ['ros']
[0.232s] Level 1:colcon.colcon_core.package_identification:_identify(src) by extension 'ros'
[0.232s] Level 1:colcon.colcon_core.package_identification:_identify(src) by extensions ['cmake', 'python']
[0.232s] Level 1:colcon.colcon_core.package_identification:_identify(src) by extension 'cmake'
[0.232s] Level 1:colcon.colcon_core.package_identification:_identify(src) by extension 'python'
[0.232s] Level 1:colcon.colcon_core.package_identification:_identify(src) by extensions ['python_setup_py']
[0.232s] Level 1:colcon.colcon_core.package_identification:_identify(src) by extension 'python_setup_py'
[0.232s] Level 1:colcon.colcon_core.package_identification:_identify(src/cpp_pubsub) by extensions ['ignore', 'ignore_ament_install']
[0.232s] Level 1:colcon.colcon_core.package_identification:_identify(src/cpp_pubsub) by extension 'ignore'
[0.232s] Level 1:colcon.colcon_core.package_identification:_identify(src/cpp_pubsub) by extension 'ignore_ament_install'
[0.232s] Level 1:colcon.colcon_core.package_identification:_identify(src/cpp_pubsub) by extensions ['colcon_pkg']
[0.232s] Level 1:colcon.colcon_core.package_identification:_identify(src/cpp_pubsub) by extension 'colcon_pkg'
[0.232s] Level 1:colcon.colcon_core.package_identification:_identify(src/cpp_pubsub) by extensions ['colcon_meta']
[0.232s] Level 1:colcon.colcon_core.package_identification:_identify(src/cpp_pubsub) by extension 'colcon_meta'
[0.232s] Level 1:colcon.colcon_core.package_identification:_identify(src/cpp_pubsub) by extensions ['ros']
[0.232s] Level 1:colcon.colcon_core.package_identification:_identify(src/cpp_pubsub) by extension 'ros'
[0.234s] DEBUG:colcon.colcon_core.package_identification:Package 'src/cpp_pubsub' with type 'ros.ament_cmake' and name 'cpp_pubsub'
[0.234s] Level 1:colcon.colcon_core.package_identification:_identify(src/py_pubsub) by extensions ['ignore', 'ignore_ament_install']
[0.234s] Level 1:colcon.colcon_core.package_identification:_identify(src/py_pubsub) by extension 'ignore'
[0.234s] Level 1:colcon.colcon_core.package_identification:_identify(src/py_pubsub) by extension 'ignore_ament_install'
[0.234s] Level 1:colcon.colcon_core.package_identification:_identify(src/py_pubsub) by extensions ['colcon_pkg']
[0.234s] Level 1:colcon.colcon_core.package_identification:_identify(src/py_pubsub) by extension 'colcon_pkg'
[0.234s] Level 1:colcon.colcon_core.package_identification:_identify(src/py_pubsub) by extensions ['colcon_meta']
[0.234s] Level 1:colcon.colcon_core.package_identification:_identify(src/py_pubsub) by extension 'colcon_meta'
[0.234s] Level 1:colcon.colcon_core.package_identification:_identify(src/py_pubsub) by extensions ['ros']
[0.234s] Level 1:colcon.colcon_core.package_identification:_identify(src/py_pubsub) by extension 'ros'
[0.235s] DEBUG:colcon.colcon_core.package_identification:Package 'src/py_pubsub' with type 'ros.ament_python' and name 'py_pubsub'
[0.235s] Level 1:colcon.colcon_core.package_identification:_identify(src/turtle_controller_ROS2) by extensions ['ignore', 'ignore_ament_install']
[0.235s] Level 1:colcon.colcon_core.package_identification:_identify(src/turtle_controller_ROS2) by extension 'ignore'
[0.235s] Level 1:colcon.colcon_core.package_identification:_identify(src/turtle_controller_ROS2) by extension 'ignore_ament_install'
[0.235s] Level 1:colcon.colcon_core.package_identification:_identify(src/turtle_controller_ROS2) by extensions ['colcon_pkg']
[0.235s] Level 1:colcon.colcon_core.package_identification:_identify(src/turtle_controller_ROS2) by extension 'colcon_pkg'
[0.235s] Level 1:colcon.colcon_core.package_identification:_identify(src/turtle_controller_ROS2) by extensions ['colcon_meta']
[0.235s] Level 1:colcon.colcon_core.package_identification:_identify(src/turtle_controller_ROS2) by extension 'colcon_meta'
[0.235s] Level 1:colcon.colcon_core.package_identification:_identify(src/turtle_controller_ROS2) by extensions ['ros']
[0.235s] Level 1:colcon.colcon_core.package_identification:_identify(src/turtle_controller_ROS2) by extension 'ros'
[0.235s] DEBUG:colcon.colcon_core.package_identification:Package 'src/turtle_controller_ROS2' with type 'ros.ament_cmake' and name 'assignment2'
[0.235s] Level 1:colcon.colcon_core.package_discovery:discover_packages(recursive) using defaults
[0.236s] Level 1:colcon.colcon_core.package_discovery:discover_packages(ignore) discover
[0.236s] Level 1:colcon.colcon_core.package_discovery:discover_packages(ignore) using defaults
[0.236s] Level 1:colcon.colcon_core.package_discovery:discover_packages(path) discover
[0.236s] Level 1:colcon.colcon_core.package_discovery:discover_packages(path) using defaults
[0.250s] Level 5:colcon.colcon_core.verb:set package 'assignment2' build argument 'cmake_args' from command line to 'None'
[0.250s] Level 5:colcon.colcon_core.verb:set package 'assignment2' build argument 'cmake_target' from command line to 'None'
[0.250s] Level 5:colcon.colcon_core.verb:set package 'assignment2' build argument 'cmake_target_skip_unavailable' from command line to 'False'
[0.250s] Level 5:colcon.colcon_core.verb:set package 'assignment2' build argument 'cmake_clean_cache' from command line to 'False'
[0.250s] Level 5:colcon.colcon_core.verb:set package 'assignment2' build argument 'cmake_clean_first' from command line to 'False'
[0.250s] Level 5:colcon.colcon_core.verb:set package 'assignment2' build argument 'cmake_force_configure' from command line to 'False'
[0.250s] Level 5:colcon.colcon_core.verb:set package 'assignment2' build argument 'ament_cmake_args' from command line to 'None'
[0.250s] Level 5:colcon.colcon_core.verb:set package 'assignment2' build argument 'catkin_cmake_args' from command line to 'None'
[0.250s] Level 5:colcon.colcon_core.verb:set package 'assignment2' build argument 'catkin_skip_building_tests' from command line to 'False'
[0.250s] DEBUG:colcon.colcon_core.verb:Building package 'assignment2' with the following arguments: {'ament_cmake_args': None, 'build_base': '/root/my_ros2_ws/build/assignment2', 'catkin_cmake_args': None, 'catkin_skip_building_tests': False, 'cmake_args': None, 'cmake_clean_cache': False, 'cmake_clean_first': False, 'cmake_force_configure': False, 'cmake_target': None, 'cmake_target_skip_unavailable': False, 'install_base': '/root/my_ros2_ws/install/assignment2', 'merge_install': False, 'path': '/root/my_ros2_ws/src/turtle_controller_ROS2', 'symlink_install': False, 'test_result_base': None}
[0.252s] Level 5:colcon.colcon_core.verb:set package 'cpp_pubsub' build argument 'cmake_args' from command line to 'None'
[0.252s] Level 5:colcon.colcon_core.verb:set package 'cpp_pubsub' build argument 'cmake_target' from command line to 'None'
[0.252s] Level 5:colcon.colcon_core.verb:set package 'cpp_pubsub' build argument 'cmake_target_skip_unavailable' from command line to 'False'
[0.252s] Level 5:colcon.colcon_core.verb:set package 'cpp_pubsub' build argument 'cmake_clean_cache' from command line to 'False'
[0.252s] Level 5:colcon.colcon_core.verb:set package 'cpp_pubsub' build argument 'cmake_clean_first' from command line to 'False'
[0.252s] Level 5:colcon.colcon_core.verb:set package 'cpp_pubsub' build argument 'cmake_force_configure' from command line to 'False'
[0.252s] Level 5:colcon.colcon_core.verb:set package 'cpp_pubsub' build argument 'ament_cmake_args' from command line to 'None'
[0.252s] Level 5:colcon.colcon_core.verb:set package 'cpp_pubsub' build argument 'catkin_cmake_args' from command line to 'None'
[0.252s] Level 5:colcon.colcon_core.verb:set package 'cpp_pubsub' build argument 'catkin_skip_building_tests' from command line to 'False'
[0.252s] DEBUG:colcon.colcon_core.verb:Building package 'cpp_pubsub' with the following arguments: {'ament_cmake_args': None, 'build_base': '/root/my_ros2_ws/build/cpp_pubsub', 'catkin_cmake_args': None, 'catkin_skip_building_tests': False, 'cmake_args': None, 'cmake_clean_cache': False, 'cmake_clean_first': False, 'cmake_force_configure': False, 'cmake_target': None, 'cmake_target_skip_unavailable': False, 'install_base': '/root/my_ros2_ws/install/cpp_pubsub', 'merge_install': False, 'path': '/root/my_ros2_ws/src/cpp_pubsub', 'symlink_install': False, 'test_result_base': None}
[0.254s] Level 5:colcon.colcon_core.verb:set package 'py_pubsub' build argument 'cmake_args' from command line to 'None'
[0.254s] Level 5:colcon.colcon_core.verb:set package 'py_pubsub' build argument 'cmake_target' from command line to 'None'
[0.254s] Level 5:colcon.colcon_core.verb:set package 'py_pubsub' build argument 'cmake_target_skip_unavailable' from command line to 'False'
[0.254s] Level 5:colcon.colcon_core.verb:set package 'py_pubsub' build argument 'cmake_clean_cache' from command line to 'False'
[0.254s] Level 5:colcon.colcon_core.verb:set package 'py_pubsub' build argument 'cmake_clean_first' from command line to 'False'
[0.254s] Level 5:colcon.colcon_core.verb:set package 'py_pubsub' build argument 'cmake_force_configure' from command line to 'False'
[0.254s] Level 5:colcon.colcon_core.verb:set package 'py_pubsub' build argument 'ament_cmake_args' from command line to 'None'
[0.254s] Level 5:colcon.colcon_core.verb:set package 'py_pubsub' build argument 'catkin_cmake_args' from command line to 'None'
[0.254s] Level 5:colcon.colcon_core.verb:set package 'py_pubsub' build argument 'catkin_skip_building_tests' from command line to 'False'
[0.254s] DEBUG:colcon.colcon_core.verb:Building package 'py_pubsub' with the following arguments: {'ament_cmake_args': None, 'build_base': '/root/my_ros2_ws/build/py_pubsub', 'catkin_cmake_args': None, 'catkin_skip_building_tests': False, 'cmake_args': None, 'cmake_clean_cache': False, 'cmake_clean_first': False, 'cmake_force_configure': False, 'cmake_target': None, 'cmake_target_skip_unavailable': False, 'install_base': '/root/my_ros2_ws/install/py_pubsub', 'merge_install': False, 'path': '/root/my_ros2_ws/src/py_pubsub', 'symlink_install': False, 'test_result_base': None}
[0.254s] INFO:colcon.colcon_core.executor:Executing jobs using 'parallel' executor
[0.255s] DEBUG:colcon.colcon_parallel_executor.executor.parallel:run_until_complete
[0.256s] INFO:colcon.colcon_ros.task.ament_cmake.build:Building ROS package in '/root/my_ros2_ws/src/turtle_controller_ROS2' with build type 'ament_cmake'
[0.256s] INFO:colcon.colcon_cmake.task.cmake.build:Building CMake package in '/root/my_ros2_ws/src/turtle_controller_ROS2'
[0.259s] INFO:colcon.colcon_core.plugin_system:Skipping extension 'colcon_core.shell.bat': Not used on non-Windows systems
[0.259s] INFO:colcon.colcon_core.shell:Skip shell extension 'powershell' for command environment: Not usable outside of PowerShell
[0.259s] DEBUG:colcon.colcon_core.shell:Skip shell extension 'dsv' for command environment
[0.261s] DEBUG:colcon.colcon_core.shell:Ignoring prefix path '/opt/ros/foxy'
[0.264s] INFO:colcon.colcon_ros.task.ament_cmake.build:Building ROS package in '/root/my_ros2_ws/src/cpp_pubsub' with build type 'ament_cmake'
[0.264s] INFO:colcon.colcon_cmake.task.cmake.build:Building CMake package in '/root/my_ros2_ws/src/cpp_pubsub'
[0.265s] INFO:colcon.colcon_core.shell:Skip shell extension 'powershell' for command environment: Not usable outside of PowerShell
[0.265s] DEBUG:colcon.colcon_core.shell:Skip shell extension 'dsv' for command environment
[0.266s] DEBUG:colcon.colcon_core.shell:Ignoring prefix path '/opt/ros/foxy'
[0.268s] INFO:colcon.colcon_ros.task.ament_python.build:Building ROS package in '/root/my_ros2_ws/src/py_pubsub' with build type 'ament_python'
[0.268s] Level 1:colcon.colcon_core.shell:create_environment_hook('py_pubsub', 'ament_prefix_path')
[0.269s] INFO:colcon.colcon_core.shell:Creating environment hook '/root/my_ros2_ws/install/py_pubsub/share/py_pubsub/hook/ament_prefix_path.ps1'
[0.270s] INFO:colcon.colcon_core.shell:Creating environment descriptor '/root/my_ros2_ws/install/py_pubsub/share/py_pubsub/hook/ament_prefix_path.dsv'
[0.270s] INFO:colcon.colcon_core.shell:Creating environment hook '/root/my_ros2_ws/install/py_pubsub/share/py_pubsub/hook/ament_prefix_path.sh'
[0.271s] INFO:colcon.colcon_core.shell:Skip shell extension 'powershell' for command environment: Not usable outside of PowerShell
[0.271s] DEBUG:colcon.colcon_core.shell:Skip shell extension 'dsv' for command environment
[0.272s] DEBUG:colcon.colcon_core.shell:Ignoring prefix path '/opt/ros/foxy'
[0.280s] DEBUG:colcon.colcon_core.event_handler.log_command:Invoking command in '/root/my_ros2_ws/build/assignment2': CMAKE_PREFIX_PATH=${CMAKE_PREFIX_PATH}:/root/my_ros2_ws/install/py_pubsub:/opt/ros/foxy /usr/bin/cmake --build /root/my_ros2_ws/build/assignment2 -- -j16 -l16
[0.288s] DEBUG:colcon.colcon_core.event_handler.log_command:Invoking command in '/root/my_ros2_ws/build/cpp_pubsub': CMAKE_PREFIX_PATH=${CMAKE_PREFIX_PATH}:/root/my_ros2_ws/install/py_pubsub:/opt/ros/foxy /usr/bin/cmake --build /root/my_ros2_ws/build/cpp_pubsub -- -j16 -l16
[0.477s] INFO:colcon.colcon_core.task.python.build:Building Python package in '/root/my_ros2_ws/src/py_pubsub'
[0.478s] INFO:colcon.colcon_core.shell:Skip shell extension 'powershell' for command environment: Not usable outside of PowerShell
[0.478s] DEBUG:colcon.colcon_core.shell:Skip shell extension 'dsv' for command environment
[0.480s] DEBUG:colcon.colcon_core.shell:Ignoring prefix path '/opt/ros/foxy'
[0.489s] DEBUG:colcon.colcon_core.event_handler.log_command:Invoking command in '/root/my_ros2_ws/src/py_pubsub': PYTHONPATH=/root/my_ros2_ws/install/py_pubsub/lib/python3.8/site-packages:${PYTHONPATH} /usr/bin/python3 setup.py egg_info --egg-base ../../build/py_pubsub build --build-base /root/my_ros2_ws/build/py_pubsub/build install --prefix /root/my_ros2_ws/install/py_pubsub --record /root/my_ros2_ws/build/py_pubsub/install.log --single-version-externally-managed
[0.490s] DEBUG:colcon.colcon_core.event_handler.log_command:Invoked command in '/root/my_ros2_ws/build/cpp_pubsub' returned '0': CMAKE_PREFIX_PATH=${CMAKE_PREFIX_PATH}:/root/my_ros2_ws/install/py_pubsub:/opt/ros/foxy /usr/bin/cmake --build /root/my_ros2_ws/build/cpp_pubsub -- -j16 -l16
[0.517s] DEBUG:colcon.colcon_core.event_handler.log_command:Invoking command in '/root/my_ros2_ws/build/cpp_pubsub': CMAKE_PREFIX_PATH=${CMAKE_PREFIX_PATH}:/root/my_ros2_ws/install/py_pubsub:/opt/ros/foxy /usr/bin/cmake --install /root/my_ros2_ws/build/cpp_pubsub
[0.525s] Level 1:colcon.colcon_core.environment:create_environment_scripts_only(cpp_pubsub)
[0.526s] DEBUG:colcon.colcon_core.event_handler.log_command:Invoked command in '/root/my_ros2_ws/build/cpp_pubsub' returned '0': CMAKE_PREFIX_PATH=${CMAKE_PREFIX_PATH}:/root/my_ros2_ws/install/py_pubsub:/opt/ros/foxy /usr/bin/cmake --install /root/my_ros2_ws/build/cpp_pubsub
[0.529s] Level 1:colcon.colcon_core.environment:checking '/root/my_ros2_ws/install/cpp_pubsub' for CMake module files
[0.529s] Level 1:colcon.colcon_core.environment:checking '/root/my_ros2_ws/install/cpp_pubsub' for CMake config files
[0.529s] Level 1:colcon.colcon_core.shell:create_environment_hook('cpp_pubsub', 'cmake_prefix_path')
[0.530s] INFO:colcon.colcon_core.shell:Creating environment hook '/root/my_ros2_ws/install/cpp_pubsub/share/cpp_pubsub/hook/cmake_prefix_path.ps1'
[0.530s] INFO:colcon.colcon_core.shell:Creating environment descriptor '/root/my_ros2_ws/install/cpp_pubsub/share/cpp_pubsub/hook/cmake_prefix_path.dsv'
[0.530s] INFO:colcon.colcon_core.shell:Creating environment hook '/root/my_ros2_ws/install/cpp_pubsub/share/cpp_pubsub/hook/cmake_prefix_path.sh'
[0.531s] Level 1:colcon.colcon_core.environment:checking '/root/my_ros2_ws/install/cpp_pubsub/lib'
[0.531s] Level 1:colcon.colcon_core.environment:checking '/root/my_ros2_ws/install/cpp_pubsub/bin'
[0.531s] Level 1:colcon.colcon_core.environment:checking '/root/my_ros2_ws/install/cpp_pubsub/lib/pkgconfig/cpp_pubsub.pc'
[0.531s] Level 1:colcon.colcon_core.environment:checking '/root/my_ros2_ws/install/cpp_pubsub/lib/python3.8/site-packages'
[0.532s] INFO:colcon.colcon_core.shell:Creating package script '/root/my_ros2_ws/install/cpp_pubsub/share/cpp_pubsub/package.ps1'
[0.532s] INFO:colcon.colcon_core.shell:Creating package descriptor '/root/my_ros2_ws/install/cpp_pubsub/share/cpp_pubsub/package.dsv'
[0.533s] INFO:colcon.colcon_core.shell:Creating package script '/root/my_ros2_ws/install/cpp_pubsub/share/cpp_pubsub/package.sh'
[0.533s] INFO:colcon.colcon_core.shell:Creating package script '/root/my_ros2_ws/install/cpp_pubsub/share/cpp_pubsub/package.bash'
[0.534s] INFO:colcon.colcon_core.shell:Creating package script '/root/my_ros2_ws/install/cpp_pubsub/share/cpp_pubsub/package.zsh'
[0.535s] Level 1:colcon.colcon_core.environment:create_file_with_runtime_dependencies(/root/my_ros2_ws/install/cpp_pubsub/share/colcon-core/packages/cpp_pubsub)
[0.557s] Level 1:colcon.colcon_core.environment:create_environment_scripts_only(cpp_pubsub)
[0.557s] Level 1:colcon.colcon_core.environment:checking '/root/my_ros2_ws/install/cpp_pubsub' for CMake module files
[0.558s] Level 1:colcon.colcon_core.environment:checking '/root/my_ros2_ws/install/cpp_pubsub' for CMake config files
[0.558s] Level 1:colcon.colcon_core.shell:create_environment_hook('cpp_pubsub', 'cmake_prefix_path')
[0.559s] INFO:colcon.colcon_core.shell:Creating environment hook '/root/my_ros2_ws/install/cpp_pubsub/share/cpp_pubsub/hook/cmake_prefix_path.ps1'
[0.559s] INFO:colcon.colcon_core.shell:Creating environment descriptor '/root/my_ros2_ws/install/cpp_pubsub/share/cpp_pubsub/hook/cmake_prefix_path.dsv'
[0.559s] INFO:colcon.colcon_core.shell:Creating environment hook '/root/my_ros2_ws/install/cpp_pubsub/share/cpp_pubsub/hook/cmake_prefix_path.sh'
[0.560s] Level 1:colcon.colcon_core.environment:checking '/root/my_ros2_ws/install/cpp_pubsub/lib'
[0.560s] Level 1:colcon.colcon_core.environment:checking '/root/my_ros2_ws/install/cpp_pubsub/bin'
[0.560s] Level 1:colcon.colcon_core.environment:checking '/root/my_ros2_ws/install/cpp_pubsub/lib/pkgconfig/cpp_pubsub.pc'
[0.560s] Level 1:colcon.colcon_core.environment:checking '/root/my_ros2_ws/install/cpp_pubsub/lib/python3.8/site-packages'
[0.561s] INFO:colcon.colcon_core.shell:Creating package script '/root/my_ros2_ws/install/cpp_pubsub/share/cpp_pubsub/package.ps1'
[0.561s] INFO:colcon.colcon_core.shell:Creating package descriptor '/root/my_ros2_ws/install/cpp_pubsub/share/cpp_pubsub/package.dsv'
[0.561s] INFO:colcon.colcon_core.shell:Creating package script '/root/my_ros2_ws/install/cpp_pubsub/share/cpp_pubsub/package.sh'
[0.562s] INFO:colcon.colcon_core.shell:Creating package script '/root/my_ros2_ws/install/cpp_pubsub/share/cpp_pubsub/package.bash'
[0.562s] INFO:colcon.colcon_core.shell:Creating package script '/root/my_ros2_ws/install/cpp_pubsub/share/cpp_pubsub/package.zsh'
[0.562s] Level 1:colcon.colcon_core.environment:create_file_with_runtime_dependencies(/root/my_ros2_ws/install/cpp_pubsub/share/colcon-core/packages/cpp_pubsub)
[0.709s] Level 1:colcon.colcon_core.environment:checking '/root/my_ros2_ws/install/py_pubsub' for CMake module files
[0.710s] DEBUG:colcon.colcon_core.event_handler.log_command:Invoked command in '/root/my_ros2_ws/src/py_pubsub' returned '0': PYTHONPATH=/root/my_ros2_ws/install/py_pubsub/lib/python3.8/site-packages:${PYTHONPATH} /usr/bin/python3 setup.py egg_info --egg-base ../../build/py_pubsub build --build-base /root/my_ros2_ws/build/py_pubsub/build install --prefix /root/my_ros2_ws/install/py_pubsub --record /root/my_ros2_ws/build/py_pubsub/install.log --single-version-externally-managed
[0.710s] Level 1:colcon.colcon_core.environment:checking '/root/my_ros2_ws/install/py_pubsub' for CMake config files
[0.711s] Level 1:colcon.colcon_core.environment:checking '/root/my_ros2_ws/install/py_pubsub/lib'
[0.711s] Level 1:colcon.colcon_core.environment:checking '/root/my_ros2_ws/install/py_pubsub/bin'
[0.711s] Level 1:colcon.colcon_core.environment:checking '/root/my_ros2_ws/install/py_pubsub/lib/pkgconfig/py_pubsub.pc'
[0.711s] Level 1:colcon.colcon_core.environment:checking '/root/my_ros2_ws/install/py_pubsub/lib/python3.8/site-packages'
[0.711s] Level 1:colcon.colcon_core.shell:create_environment_hook('py_pubsub', 'pythonpath')
[0.711s] INFO:colcon.colcon_core.shell:Creating environment hook '/root/my_ros2_ws/install/py_pubsub/share/py_pubsub/hook/pythonpath.ps1'
[0.712s] INFO:colcon.colcon_core.shell:Creating environment descriptor '/root/my_ros2_ws/install/py_pubsub/share/py_pubsub/hook/pythonpath.dsv'
[0.712s] INFO:colcon.colcon_core.shell:Creating environment hook '/root/my_ros2_ws/install/py_pubsub/share/py_pubsub/hook/pythonpath.sh'
[0.712s] Level 1:colcon.colcon_core.environment:create_environment_scripts_only(py_pubsub)
[0.713s] INFO:colcon.colcon_core.shell:Creating package script '/root/my_ros2_ws/install/py_pubsub/share/py_pubsub/package.ps1'
[0.714s] INFO:colcon.colcon_core.shell:Creating package descriptor '/root/my_ros2_ws/install/py_pubsub/share/py_pubsub/package.dsv'
[0.714s] INFO:colcon.colcon_core.shell:Creating package script '/root/my_ros2_ws/install/py_pubsub/share/py_pubsub/package.sh'
[0.714s] INFO:colcon.colcon_core.shell:Creating package script '/root/my_ros2_ws/install/py_pubsub/share/py_pubsub/package.bash'
[0.714s] INFO:colcon.colcon_core.shell:Creating package script '/root/my_ros2_ws/install/py_pubsub/share/py_pubsub/package.zsh'
[0.715s] Level 1:colcon.colcon_core.environment:create_file_with_runtime_dependencies(/root/my_ros2_ws/install/py_pubsub/share/colcon-core/packages/py_pubsub)
[0.927s] DEBUG:colcon.colcon_core.event_handler.log_command:Invoked command in '/root/my_ros2_ws/build/assignment2' returned '0': CMAKE_PREFIX_PATH=${CMAKE_PREFIX_PATH}:/root/my_ros2_ws/install/py_pubsub:/opt/ros/foxy /usr/bin/cmake --build /root/my_ros2_ws/build/assignment2 -- -j16 -l16
[0.945s] DEBUG:colcon.colcon_core.event_handler.log_command:Invoking command in '/root/my_ros2_ws/build/assignment2': CMAKE_PREFIX_PATH=${CMAKE_PREFIX_PATH}:/root/my_ros2_ws/install/py_pubsub:/opt/ros/foxy /usr/bin/cmake --install /root/my_ros2_ws/build/assignment2
[0.952s] Level 1:colcon.colcon_core.environment:create_environment_scripts_only(assignment2)
[0.953s] Level 1:colcon.colcon_core.environment:checking '/root/my_ros2_ws/install/assignment2' for CMake module files
[0.954s] DEBUG:colcon.colcon_core.event_handler.log_command:Invoked command in '/root/my_ros2_ws/build/assignment2' returned '0': CMAKE_PREFIX_PATH=${CMAKE_PREFIX_PATH}:/root/my_ros2_ws/install/py_pubsub:/opt/ros/foxy /usr/bin/cmake --install /root/my_ros2_ws/build/assignment2
[0.954s] Level 1:colcon.colcon_core.environment:checking '/root/my_ros2_ws/install/assignment2' for CMake config files
[0.954s] Level 1:colcon.colcon_core.shell:create_environment_hook('assignment2', 'cmake_prefix_path')
[0.955s] INFO:colcon.colcon_core.shell:Creating environment hook '/root/my_ros2_ws/install/assignment2/share/assignment2/hook/cmake_prefix_path.ps1'
[0.955s] INFO:colcon.colcon_core.shell:Creating environment descriptor '/root/my_ros2_ws/install/assignment2/share/assignment2/hook/cmake_prefix_path.dsv'
[0.955s] INFO:colcon.colcon_core.shell:Creating environment hook '/root/my_ros2_ws/install/assignment2/share/assignment2/hook/cmake_prefix_path.sh'
[0.956s] Level 1:colcon.colcon_core.environment:checking '/root/my_ros2_ws/install/assignment2/lib'
[0.956s] Level 1:colcon.colcon_core.environment:checking '/root/my_ros2_ws/install/assignment2/bin'
[0.956s] Level 1:colcon.colcon_core.environment:checking '/root/my_ros2_ws/install/assignment2/lib/pkgconfig/assignment2.pc'
[0.956s] Level 1:colcon.colcon_core.environment:checking '/root/my_ros2_ws/install/assignment2/lib/python3.8/site-packages'
[0.956s] INFO:colcon.colcon_core.shell:Creating package script '/root/my_ros2_ws/install/assignment2/share/assignment2/package.ps1'
[0.957s] INFO:colcon.colcon_core.shell:Creating package descriptor '/root/my_ros2_ws/install/assignment2/share/assignment2/package.dsv'
[0.957s] INFO:colcon.colcon_core.shell:Creating package script '/root/my_ros2_ws/install/assignment2/share/assignment2/package.sh'
[0.957s] INFO:colcon.colcon_core.shell:Creating package script '/root/my_ros2_ws/install/assignment2/share/assignment2/package.bash'
[0.957s] INFO:colcon.colcon_core.shell:Creating package script '/root/my_ros2_ws/install/assignment2/share/assignment2/package.zsh'
[0.958s] Level 1:colcon.colcon_core.environment:create_file_with_runtime_dependencies(/root/my_ros2_ws/install/assignment2/share/colcon-core/packages/assignment2)
[0.976s] Level 1:colcon.colcon_core.environment:create_environment_scripts_only(assignment2)
[0.977s] Level 1:colcon.colcon_core.environment:checking '/root/my_ros2_ws/install/assignment2' for CMake module files
[0.977s] Level 1:colcon.colcon_core.environment:checking '/root/my_ros2_ws/install/assignment2' for CMake config files
[0.977s] Level 1:colcon.colcon_core.shell:create_environment_hook('assignment2', 'cmake_prefix_path')
[0.977s] INFO:colcon.colcon_core.shell:Creating environment hook '/root/my_ros2_ws/install/assignment2/share/assignment2/hook/cmake_prefix_path.ps1'
[0.978s] INFO:colcon.colcon_core.shell:Creating environment descriptor '/root/my_ros2_ws/install/assignment2/share/assignment2/hook/cmake_prefix_path.dsv'
[0.978s] INFO:colcon.colcon_core.shell:Creating environment hook '/root/my_ros2_ws/install/assignment2/share/assignment2/hook/cmake_prefix_path.sh'
[0.978s] Level 1:colcon.colcon_core.environment:checking '/root/my_ros2_ws/install/assignment2/lib'
[0.978s] Level 1:colcon.colcon_core.environment:checking '/root/my_ros2_ws/install/assignment2/bin'
[0.978s] Level 1:colcon.colcon_core.environment:checking '/root/my_ros2_ws/install/assignment2/lib/pkgconfig/assignment2.pc'
[0.979s] Level 1:colcon.colcon_core.environment:checking '/root/my_ros2_ws/install/assignment2/lib/python3.8/site-packages'
[0.979s] INFO:colcon.colcon_core.shell:Creating package script '/root/my_ros2_ws/install/assignment2/share/assignment2/package.ps1'
[0.979s] INFO:colcon.colcon_core.shell:Creating package descriptor '/root/my_ros2_ws/install/assignment2/share/assignment2/package.dsv'
[0.980s] INFO:colcon.colcon_core.shell:Creating package script '/root/my_ros2_ws/install/assignment2/share/assignment2/package.sh'
[0.980s] INFO:colcon.colcon_core.shell:Creating package script '/root/my_ros2_ws/install/assignment2/share/assignment2/package.bash'
[0.980s] INFO:colcon.colcon_core.shell:Creating package script '/root/my_ros2_ws/install/assignment2/share/assignment2/package.zsh'
[0.980s] Level 1:colcon.colcon_core.environment:create_file_with_runtime_dependencies(/root/my_ros2_ws/install/assignment2/share/colcon-core/packages/assignment2)
[0.981s] DEBUG:colcon.colcon_parallel_executor.executor.parallel:closing loop
[0.981s] DEBUG:colcon.colcon_parallel_executor.executor.parallel:loop closed
[0.981s] DEBUG:colcon.colcon_parallel_executor.executor.parallel:run_until_complete finished with '0'
[0.981s] DEBUG:colcon.colcon_core.event_reactor:joining thread
[0.986s] INFO:colcon.colcon_core.plugin_system:Skipping extension 'colcon_notification.desktop_notification.notify_send': Could not find 'notify-send'
[0.986s] INFO:colcon.colcon_core.plugin_system:Skipping extension 'colcon_notification.desktop_notification.terminal_notifier': Not used on non-Darwin systems
[0.986s] INFO:colcon.colcon_core.plugin_system:Skipping extension 'colcon_notification.desktop_notification.win32': Not used on non-Windows systems
[0.986s] INFO:colcon.colcon_notification.desktop_notification:Sending desktop notification using 'notify2'
[0.991s] DEBUG:colcon.colcon_notification.desktop_notification.notify2:Failed to initialize notify2: org.freedesktop.DBus.Error.ServiceUnknown: The name org.freedesktop.Notifications was not provided by any .service files
[0.991s] DEBUG:colcon.colcon_core.event_reactor:joined thread
[0.992s] INFO:colcon.colcon_core.shell:Creating prefix script '/root/my_ros2_ws/install/local_setup.ps1'
[0.993s] INFO:colcon.colcon_core.shell:Creating prefix util module '/root/my_ros2_ws/install/_local_setup_util_ps1.py'
[0.994s] INFO:colcon.colcon_core.shell:Creating prefix chain script '/root/my_ros2_ws/install/setup.ps1'
[0.996s] INFO:colcon.colcon_core.shell:Creating prefix script '/root/my_ros2_ws/install/local_setup.sh'
[0.996s] INFO:colcon.colcon_core.shell:Creating prefix util module '/root/my_ros2_ws/install/_local_setup_util_sh.py'
[0.996s] INFO:colcon.colcon_core.shell:Creating prefix chain script '/root/my_ros2_ws/install/setup.sh'
[0.998s] INFO:colcon.colcon_core.shell:Creating prefix script '/root/my_ros2_ws/install/local_setup.bash'
[0.999s] INFO:colcon.colcon_core.shell:Creating prefix chain script '/root/my_ros2_ws/install/setup.bash'
[1.000s] INFO:colcon.colcon_core.shell:Creating prefix script '/root/my_ros2_ws/install/local_setup.zsh'
[1.001s] INFO:colcon.colcon_core.shell:Creating prefix chain script '/root/my_ros2_ws/install/setup.zsh'
