[0.235s] DEBUG:colcon:Command line arguments: ['/usr/bin/colcon', 'build']
[0.235s] DEBUG:colcon:Parsed command line arguments: Namespace(ament_cmake_args=None, base_paths=['.'], build_base='build', catkin_cmake_args=None, catkin_skip_building_tests=False, cmake_args=None, cmake_clean_cache=False, cmake_clean_first=False, cmake_force_configure=False, cmake_target=None, cmake_target_skip_unavailable=False, continue_on_error=False, event_handlers=None, executor='parallel', ignore_user_meta=False, install_base='install', log_base=None, log_level=None, main=<bound method BuildVerb.main of <colcon_core.verb.build.BuildVerb object at 0x7f71129ab8b0>>, merge_install=False, metas=['./colcon.meta'], packages_above=None, packages_above_and_dependencies=None, packages_above_depth=None, packages_end=None, packages_ignore=None, packages_ignore_regex=None, packages_select=None, packages_select_build_failed=False, packages_select_by_dep=None, packages_select_regex=None, packages_select_test_failures=False, packages_skip=None, packages_skip_build_finished=False, packages_skip_by_dep=None, packages_skip_regex=None, packages_skip_test_passed=False, packages_skip_up_to=None, packages_start=None, packages_up_to=None, packages_up_to_regex=None, parallel_workers=16, paths=None, symlink_install=False, test_result_base=None, verb_extension=<colcon_core.verb.build.BuildVerb object at 0x7f71129ab8b0>, verb_name='build', verb_parser=<colcon_defaults.argument_parser.defaults.DefaultArgumentsDecorator object at 0x7f7113081a00>)
[0.239s] Level 1:colcon.colcon_core.package_discovery:discover_packages(colcon_meta) check parameters
[0.239s] Level 1:colcon.colcon_core.package_discovery:discover_packages(recursive) check parameters
[0.239s] Level 1:colcon.colcon_core.package_discovery:discover_packages(ignore) check parameters
[0.239s] Level 1:colcon.colcon_core.package_discovery:discover_packages(path) check parameters
[0.239s] Level 1:colcon.colcon_core.package_discovery:discover_packages(colcon_meta) discover
[0.240s] Level 1:colcon.colcon_core.package_discovery:discover_packages(recursive) discover
[0.240s] INFO:colcon.colcon_core.package_discovery:Crawling recursively for packages in '/root/my_ros2_ws'
[0.240s] Level 1:colcon.colcon_core.package_identification:_identify(.) by extensions ['ignore', 'ignore_ament_install']
[0.240s] Level 1:colcon.colcon_core.package_identification:_identify(.) by extension 'ignore'
[0.240s] Level 1:colcon.colcon_core.package_identification:_identify(.) by extension 'ignore_ament_install'
[0.240s] Level 1:colcon.colcon_core.package_identification:_identify(.) by extensions ['colcon_pkg']
[0.240s] Level 1:colcon.colcon_core.package_identification:_identify(.) by extension 'colcon_pkg'
[0.240s] Level 1:colcon.colcon_core.package_identification:_identify(.) by extensions ['colcon_meta']
[0.240s] Level 1:colcon.colcon_core.package_identification:_identify(.) by extension 'colcon_meta'
[0.240s] Level 1:colcon.colcon_core.package_identification:_identify(.) by extensions ['ros']
[0.240s] Level 1:colcon.colcon_core.package_identification:_identify(.) by extension 'ros'
[0.249s] Level 1:colcon.colcon_core.package_identification:_identify(.) by extensions ['cmake', 'python']
[0.249s] Level 1:colcon.colcon_core.package_identification:_identify(.) by extension 'cmake'
[0.249s] Level 1:colcon.colcon_core.package_identification:_identify(.) by extension 'python'
[0.249s] Level 1:colcon.colcon_core.package_identification:_identify(.) by extensions ['python_setup_py']
[0.250s] Level 1:colcon.colcon_core.package_identification:_identify(.) by extension 'python_setup_py'
[0.250s] Level 1:colcon.colcon_core.package_identification:_identify(build) by extensions ['ignore', 'ignore_ament_install']
[0.250s] Level 1:colcon.colcon_core.package_identification:_identify(build) by extension 'ignore'
[0.250s] Level 1:colcon.colcon_core.package_identification:_identify(build) ignored
[0.250s] Level 1:colcon.colcon_core.package_identification:_identify(install) by extensions ['ignore', 'ignore_ament_install']
[0.250s] Level 1:colcon.colcon_core.package_identification:_identify(install) by extension 'ignore'
[0.250s] Level 1:colcon.colcon_core.package_identification:_identify(install) ignored
[0.250s] Level 1:colcon.colcon_core.package_identification:_identify(log) by extensions ['ignore', 'ignore_ament_install']
[0.250s] Level 1:colcon.colcon_core.package_identification:_identify(log) by extension 'ignore'
[0.250s] Level 1:colcon.colcon_core.package_identification:_identify(log) ignored
[0.250s] Level 1:colcon.colcon_core.package_identification:_identify(src) by extensions ['ignore', 'ignore_ament_install']
[0.250s] Level 1:colcon.colcon_core.package_identification:_identify(src) by extension 'ignore'
[0.250s] Level 1:colcon.colcon_core.package_identification:_identify(src) by extension 'ignore_ament_install'
[0.250s] Level 1:colcon.colcon_core.package_identification:_identify(src) by extensions ['colcon_pkg']
[0.250s] Level 1:colcon.colcon_core.package_identification:_identify(src) by extension 'colcon_pkg'
[0.250s] Level 1:colcon.colcon_core.package_identification:_identify(src) by extensions ['colcon_meta']
[0.250s] Level 1:colcon.colcon_core.package_identification:_identify(src) by extension 'colcon_meta'
[0.250s] Level 1:colcon.colcon_core.package_identification:_identify(src) by extensions ['ros']
[0.250s] Level 1:colcon.colcon_core.package_identification:_identify(src) by extension 'ros'
[0.251s] Level 1:colcon.colcon_core.package_identification:_identify(src) by extensions ['cmake', 'python']
[0.251s] Level 1:colcon.colcon_core.package_identification:_identify(src) by extension 'cmake'
[0.251s] Level 1:colcon.colcon_core.package_identification:_identify(src) by extension 'python'
[0.251s] Level 1:colcon.colcon_core.package_identification:_identify(src) by extensions ['python_setup_py']
[0.251s] Level 1:colcon.colcon_core.package_identification:_identify(src) by extension 'python_setup_py'
[0.251s] Level 1:colcon.colcon_core.package_identification:_identify(src/cpp_pubsub) by extensions ['ignore', 'ignore_ament_install']
[0.251s] Level 1:colcon.colcon_core.package_identification:_identify(src/cpp_pubsub) by extension 'ignore'
[0.251s] Level 1:colcon.colcon_core.package_identification:_identify(src/cpp_pubsub) by extension 'ignore_ament_install'
[0.251s] Level 1:colcon.colcon_core.package_identification:_identify(src/cpp_pubsub) by extensions ['colcon_pkg']
[0.251s] Level 1:colcon.colcon_core.package_identification:_identify(src/cpp_pubsub) by extension 'colcon_pkg'
[0.251s] Level 1:colcon.colcon_core.package_identification:_identify(src/cpp_pubsub) by extensions ['colcon_meta']
[0.251s] Level 1:colcon.colcon_core.package_identification:_identify(src/cpp_pubsub) by extension 'colcon_meta'
[0.251s] Level 1:colcon.colcon_core.package_identification:_identify(src/cpp_pubsub) by extensions ['ros']
[0.251s] Level 1:colcon.colcon_core.package_identification:_identify(src/cpp_pubsub) by extension 'ros'
[0.253s] DEBUG:colcon.colcon_core.package_identification:Package 'src/cpp_pubsub' with type 'ros.ament_cmake' and name 'cpp_pubsub'
[0.253s] Level 1:colcon.colcon_core.package_identification:_identify(src/py_pubsub) by extensions ['ignore', 'ignore_ament_install']
[0.253s] Level 1:colcon.colcon_core.package_identification:_identify(src/py_pubsub) by extension 'ignore'
[0.253s] Level 1:colcon.colcon_core.package_identification:_identify(src/py_pubsub) by extension 'ignore_ament_install'
[0.253s] Level 1:colcon.colcon_core.package_identification:_identify(src/py_pubsub) by extensions ['colcon_pkg']
[0.253s] Level 1:colcon.colcon_core.package_identification:_identify(src/py_pubsub) by extension 'colcon_pkg'
[0.253s] Level 1:colcon.colcon_core.package_identification:_identify(src/py_pubsub) by extensions ['colcon_meta']
[0.253s] Level 1:colcon.colcon_core.package_identification:_identify(src/py_pubsub) by extension 'colcon_meta'
[0.253s] Level 1:colcon.colcon_core.package_identification:_identify(src/py_pubsub) by extensions ['ros']
[0.253s] Level 1:colcon.colcon_core.package_identification:_identify(src/py_pubsub) by extension 'ros'
[0.254s] DEBUG:colcon.colcon_core.package_identification:Package 'src/py_pubsub' with type 'ros.ament_python' and name 'py_pubsub'
[0.254s] Level 1:colcon.colcon_core.package_identification:_identify(src/turtle_controller_ROS2) by extensions ['ignore', 'ignore_ament_install']
[0.254s] Level 1:colcon.colcon_core.package_identification:_identify(src/turtle_controller_ROS2) by extension 'ignore'
[0.254s] Level 1:colcon.colcon_core.package_identification:_identify(src/turtle_controller_ROS2) by extension 'ignore_ament_install'
[0.254s] Level 1:colcon.colcon_core.package_identification:_identify(src/turtle_controller_ROS2) by extensions ['colcon_pkg']
[0.254s] Level 1:colcon.colcon_core.package_identification:_identify(src/turtle_controller_ROS2) by extension 'colcon_pkg'
[0.254s] Level 1:colcon.colcon_core.package_identification:_identify(src/turtle_controller_ROS2) by extensions ['colcon_meta']
[0.254s] Level 1:colcon.colcon_core.package_identification:_identify(src/turtle_controller_ROS2) by extension 'colcon_meta'
[0.254s] Level 1:colcon.colcon_core.package_identification:_identify(src/turtle_controller_ROS2) by extensions ['ros']
[0.254s] Level 1:colcon.colcon_core.package_identification:_identify(src/turtle_controller_ROS2) by extension 'ros'
[0.255s] DEBUG:colcon.colcon_core.package_identification:Package 'src/turtle_controller_ROS2' with type 'ros.ament_cmake' and name 'turtle_controller'
[0.255s] Level 1:colcon.colcon_core.package_discovery:discover_packages(recursive) using defaults
[0.255s] Level 1:colcon.colcon_core.package_discovery:discover_packages(ignore) discover
[0.255s] Level 1:colcon.colcon_core.package_discovery:discover_packages(ignore) using defaults
[0.255s] Level 1:colcon.colcon_core.package_discovery:discover_packages(path) discover
[0.255s] Level 1:colcon.colcon_core.package_discovery:discover_packages(path) using defaults
[0.270s] Level 5:colcon.colcon_core.verb:set package 'cpp_pubsub' build argument 'cmake_args' from command line to 'None'
[0.270s] Level 5:colcon.colcon_core.verb:set package 'cpp_pubsub' build argument 'cmake_target' from command line to 'None'
[0.270s] Level 5:colcon.colcon_core.verb:set package 'cpp_pubsub' build argument 'cmake_target_skip_unavailable' from command line to 'False'
[0.270s] Level 5:colcon.colcon_core.verb:set package 'cpp_pubsub' build argument 'cmake_clean_cache' from command line to 'False'
[0.270s] Level 5:colcon.colcon_core.verb:set package 'cpp_pubsub' build argument 'cmake_clean_first' from command line to 'False'
[0.270s] Level 5:colcon.colcon_core.verb:set package 'cpp_pubsub' build argument 'cmake_force_configure' from command line to 'False'
[0.270s] Level 5:colcon.colcon_core.verb:set package 'cpp_pubsub' build argument 'ament_cmake_args' from command line to 'None'
[0.270s] Level 5:colcon.colcon_core.verb:set package 'cpp_pubsub' build argument 'catkin_cmake_args' from command line to 'None'
[0.270s] Level 5:colcon.colcon_core.verb:set package 'cpp_pubsub' build argument 'catkin_skip_building_tests' from command line to 'False'
[0.270s] DEBUG:colcon.colcon_core.verb:Building package 'cpp_pubsub' with the following arguments: {'ament_cmake_args': None, 'build_base': '/root/my_ros2_ws/build/cpp_pubsub', 'catkin_cmake_args': None, 'catkin_skip_building_tests': False, 'cmake_args': None, 'cmake_clean_cache': False, 'cmake_clean_first': False, 'cmake_force_configure': False, 'cmake_target': None, 'cmake_target_skip_unavailable': False, 'install_base': '/root/my_ros2_ws/install/cpp_pubsub', 'merge_install': False, 'path': '/root/my_ros2_ws/src/cpp_pubsub', 'symlink_install': False, 'test_result_base': None}
[0.272s] Level 5:colcon.colcon_core.verb:set package 'py_pubsub' build argument 'cmake_args' from command line to 'None'
[0.272s] Level 5:colcon.colcon_core.verb:set package 'py_pubsub' build argument 'cmake_target' from command line to 'None'
[0.272s] Level 5:colcon.colcon_core.verb:set package 'py_pubsub' build argument 'cmake_target_skip_unavailable' from command line to 'False'
[0.272s] Level 5:colcon.colcon_core.verb:set package 'py_pubsub' build argument 'cmake_clean_cache' from command line to 'False'
[0.272s] Level 5:colcon.colcon_core.verb:set package 'py_pubsub' build argument 'cmake_clean_first' from command line to 'False'
[0.272s] Level 5:colcon.colcon_core.verb:set package 'py_pubsub' build argument 'cmake_force_configure' from command line to 'False'
[0.272s] Level 5:colcon.colcon_core.verb:set package 'py_pubsub' build argument 'ament_cmake_args' from command line to 'None'
[0.272s] Level 5:colcon.colcon_core.verb:set package 'py_pubsub' build argument 'catkin_cmake_args' from command line to 'None'
[0.272s] Level 5:colcon.colcon_core.verb:set package 'py_pubsub' build argument 'catkin_skip_building_tests' from command line to 'False'
[0.272s] DEBUG:colcon.colcon_core.verb:Building package 'py_pubsub' with the following arguments: {'ament_cmake_args': None, 'build_base': '/root/my_ros2_ws/build/py_pubsub', 'catkin_cmake_args': None, 'catkin_skip_building_tests': False, 'cmake_args': None, 'cmake_clean_cache': False, 'cmake_clean_first': False, 'cmake_force_configure': False, 'cmake_target': None, 'cmake_target_skip_unavailable': False, 'install_base': '/root/my_ros2_ws/install/py_pubsub', 'merge_install': False, 'path': '/root/my_ros2_ws/src/py_pubsub', 'symlink_install': False, 'test_result_base': None}
[0.274s] Level 5:colcon.colcon_core.verb:set package 'turtle_controller' build argument 'cmake_args' from command line to 'None'
[0.274s] Level 5:colcon.colcon_core.verb:set package 'turtle_controller' build argument 'cmake_target' from command line to 'None'
[0.274s] Level 5:colcon.colcon_core.verb:set package 'turtle_controller' build argument 'cmake_target_skip_unavailable' from command line to 'False'
[0.274s] Level 5:colcon.colcon_core.verb:set package 'turtle_controller' build argument 'cmake_clean_cache' from command line to 'False'
[0.274s] Level 5:colcon.colcon_core.verb:set package 'turtle_controller' build argument 'cmake_clean_first' from command line to 'False'
[0.274s] Level 5:colcon.colcon_core.verb:set package 'turtle_controller' build argument 'cmake_force_configure' from command line to 'False'
[0.274s] Level 5:colcon.colcon_core.verb:set package 'turtle_controller' build argument 'ament_cmake_args' from command line to 'None'
[0.274s] Level 5:colcon.colcon_core.verb:set package 'turtle_controller' build argument 'catkin_cmake_args' from command line to 'None'
[0.274s] Level 5:colcon.colcon_core.verb:set package 'turtle_controller' build argument 'catkin_skip_building_tests' from command line to 'False'
[0.274s] DEBUG:colcon.colcon_core.verb:Building package 'turtle_controller' with the following arguments: {'ament_cmake_args': None, 'build_base': '/root/my_ros2_ws/build/turtle_controller', 'catkin_cmake_args': None, 'catkin_skip_building_tests': False, 'cmake_args': None, 'cmake_clean_cache': False, 'cmake_clean_first': False, 'cmake_force_configure': False, 'cmake_target': None, 'cmake_target_skip_unavailable': False, 'install_base': '/root/my_ros2_ws/install/turtle_controller', 'merge_install': False, 'path': '/root/my_ros2_ws/src/turtle_controller_ROS2', 'symlink_install': False, 'test_result_base': None}
[0.275s] INFO:colcon.colcon_core.executor:Executing jobs using 'parallel' executor
[0.277s] DEBUG:colcon.colcon_parallel_executor.executor.parallel:run_until_complete
[0.277s] INFO:colcon.colcon_ros.task.ament_cmake.build:Building ROS package in '/root/my_ros2_ws/src/cpp_pubsub' with build type 'ament_cmake'
[0.277s] INFO:colcon.colcon_cmake.task.cmake.build:Building CMake package in '/root/my_ros2_ws/src/cpp_pubsub'
[0.280s] INFO:colcon.colcon_core.plugin_system:Skipping extension 'colcon_core.shell.bat': Not used on non-Windows systems
[0.281s] INFO:colcon.colcon_core.shell:Skip shell extension 'powershell' for command environment: Not usable outside of PowerShell
[0.281s] DEBUG:colcon.colcon_core.shell:Skip shell extension 'dsv' for command environment
[0.283s] WARNING:colcon.colcon_ros.prefix_path.ament:The path '/root/my_ros2_ws/install/assignment2' in the environment variable AMENT_PREFIX_PATH doesn't exist
[0.283s] WARNING:colcon.colcon_ros.prefix_path.catkin:The path '/root/my_ros2_ws/install/assignment2' in the environment variable CMAKE_PREFIX_PATH doesn't exist
[0.283s] DEBUG:colcon.colcon_core.shell:Ignoring prefix path '/opt/ros/foxy'
[0.286s] INFO:colcon.colcon_ros.task.ament_python.build:Building ROS package in '/root/my_ros2_ws/src/py_pubsub' with build type 'ament_python'
[0.286s] Level 1:colcon.colcon_core.shell:create_environment_hook('py_pubsub', 'ament_prefix_path')
[0.287s] INFO:colcon.colcon_core.shell:Creating environment hook '/root/my_ros2_ws/install/py_pubsub/share/py_pubsub/hook/ament_prefix_path.ps1'
[0.288s] INFO:colcon.colcon_core.shell:Creating environment descriptor '/root/my_ros2_ws/install/py_pubsub/share/py_pubsub/hook/ament_prefix_path.dsv'
[0.288s] INFO:colcon.colcon_core.shell:Creating environment hook '/root/my_ros2_ws/install/py_pubsub/share/py_pubsub/hook/ament_prefix_path.sh'
[0.289s] INFO:colcon.colcon_core.shell:Skip shell extension 'powershell' for command environment: Not usable outside of PowerShell
[0.289s] DEBUG:colcon.colcon_core.shell:Skip shell extension 'dsv' for command environment
[0.291s] DEBUG:colcon.colcon_core.shell:Ignoring prefix path '/opt/ros/foxy'
[0.293s] INFO:colcon.colcon_ros.task.ament_cmake.build:Building ROS package in '/root/my_ros2_ws/src/turtle_controller_ROS2' with build type 'ament_cmake'
[0.293s] INFO:colcon.colcon_cmake.task.cmake.build:Building CMake package in '/root/my_ros2_ws/src/turtle_controller_ROS2'
[0.294s] INFO:colcon.colcon_core.shell:Skip shell extension 'powershell' for command environment: Not usable outside of PowerShell
[0.294s] DEBUG:colcon.colcon_core.shell:Skip shell extension 'dsv' for command environment
[0.296s] DEBUG:colcon.colcon_core.shell:Ignoring prefix path '/opt/ros/foxy'
[0.305s] DEBUG:colcon.colcon_core.event_handler.log_command:Invoking command in '/root/my_ros2_ws/build/cpp_pubsub': CMAKE_PREFIX_PATH=${CMAKE_PREFIX_PATH}:/root/my_ros2_ws/install/py_pubsub:/opt/ros/foxy /usr/bin/cmake --build /root/my_ros2_ws/build/cpp_pubsub -- -j16 -l16
[0.484s] INFO:colcon.colcon_core.task.python.build:Building Python package in '/root/my_ros2_ws/src/py_pubsub'
[0.485s] INFO:colcon.colcon_core.shell:Skip shell extension 'powershell' for command environment: Not usable outside of PowerShell
[0.485s] DEBUG:colcon.colcon_core.shell:Skip shell extension 'dsv' for command environment
[0.487s] DEBUG:colcon.colcon_core.shell:Ignoring prefix path '/opt/ros/foxy'
[0.495s] DEBUG:colcon.colcon_core.event_handler.log_command:Invoking command in '/root/my_ros2_ws/build/turtle_controller': CMAKE_PREFIX_PATH=${CMAKE_PREFIX_PATH}:/root/my_ros2_ws/install/py_pubsub:/opt/ros/foxy /usr/bin/cmake --build /root/my_ros2_ws/build/turtle_controller -- -j16 -l16
[0.498s] DEBUG:colcon.colcon_core.event_handler.log_command:Invoked command in '/root/my_ros2_ws/build/cpp_pubsub' returned '0': CMAKE_PREFIX_PATH=${CMAKE_PREFIX_PATH}:/root/my_ros2_ws/install/py_pubsub:/opt/ros/foxy /usr/bin/cmake --build /root/my_ros2_ws/build/cpp_pubsub -- -j16 -l16
[0.505s] DEBUG:colcon.colcon_core.event_handler.log_command:Invoking command in '/root/my_ros2_ws/src/py_pubsub': PYTHONPATH=/root/my_ros2_ws/install/py_pubsub/lib/python3.8/site-packages:${PYTHONPATH} /usr/bin/python3 setup.py egg_info --egg-base ../../build/py_pubsub build --build-base /root/my_ros2_ws/build/py_pubsub/build install --prefix /root/my_ros2_ws/install/py_pubsub --record /root/my_ros2_ws/build/py_pubsub/install.log --single-version-externally-managed
[0.533s] DEBUG:colcon.colcon_core.event_handler.log_command:Invoking command in '/root/my_ros2_ws/build/cpp_pubsub': CMAKE_PREFIX_PATH=${CMAKE_PREFIX_PATH}:/root/my_ros2_ws/install/py_pubsub:/opt/ros/foxy /usr/bin/cmake --install /root/my_ros2_ws/build/cpp_pubsub
[0.542s] Level 1:colcon.colcon_core.environment:create_environment_scripts_only(cpp_pubsub)
[0.543s] DEBUG:colcon.colcon_core.event_handler.log_command:Invoked command in '/root/my_ros2_ws/build/cpp_pubsub' returned '0': CMAKE_PREFIX_PATH=${CMAKE_PREFIX_PATH}:/root/my_ros2_ws/install/py_pubsub:/opt/ros/foxy /usr/bin/cmake --install /root/my_ros2_ws/build/cpp_pubsub
[0.546s] Level 1:colcon.colcon_core.environment:checking '/root/my_ros2_ws/install/cpp_pubsub' for CMake module files
[0.546s] Level 1:colcon.colcon_core.environment:checking '/root/my_ros2_ws/install/cpp_pubsub' for CMake config files
[0.546s] Level 1:colcon.colcon_core.shell:create_environment_hook('cpp_pubsub', 'cmake_prefix_path')
[0.547s] INFO:colcon.colcon_core.shell:Creating environment hook '/root/my_ros2_ws/install/cpp_pubsub/share/cpp_pubsub/hook/cmake_prefix_path.ps1'
[0.547s] INFO:colcon.colcon_core.shell:Creating environment descriptor '/root/my_ros2_ws/install/cpp_pubsub/share/cpp_pubsub/hook/cmake_prefix_path.dsv'
[0.547s] INFO:colcon.colcon_core.shell:Creating environment hook '/root/my_ros2_ws/install/cpp_pubsub/share/cpp_pubsub/hook/cmake_prefix_path.sh'
[0.548s] Level 1:colcon.colcon_core.environment:checking '/root/my_ros2_ws/install/cpp_pubsub/lib'
[0.548s] Level 1:colcon.colcon_core.environment:checking '/root/my_ros2_ws/install/cpp_pubsub/bin'
[0.548s] Level 1:colcon.colcon_core.environment:checking '/root/my_ros2_ws/install/cpp_pubsub/lib/pkgconfig/cpp_pubsub.pc'
[0.548s] Level 1:colcon.colcon_core.environment:checking '/root/my_ros2_ws/install/cpp_pubsub/lib/python3.8/site-packages'
[0.549s] INFO:colcon.colcon_core.shell:Creating package script '/root/my_ros2_ws/install/cpp_pubsub/share/cpp_pubsub/package.ps1'
[0.549s] INFO:colcon.colcon_core.shell:Creating package descriptor '/root/my_ros2_ws/install/cpp_pubsub/share/cpp_pubsub/package.dsv'
[0.550s] INFO:colcon.colcon_core.shell:Creating package script '/root/my_ros2_ws/install/cpp_pubsub/share/cpp_pubsub/package.sh'
[0.550s] INFO:colcon.colcon_core.shell:Creating package script '/root/my_ros2_ws/install/cpp_pubsub/share/cpp_pubsub/package.bash'
[0.551s] INFO:colcon.colcon_core.shell:Creating package script '/root/my_ros2_ws/install/cpp_pubsub/share/cpp_pubsub/package.zsh'
[0.551s] Level 1:colcon.colcon_core.environment:create_file_with_runtime_dependencies(/root/my_ros2_ws/install/cpp_pubsub/share/colcon-core/packages/cpp_pubsub)
[0.574s] Level 1:colcon.colcon_core.environment:create_environment_scripts_only(cpp_pubsub)
[0.575s] Level 1:colcon.colcon_core.environment:checking '/root/my_ros2_ws/install/cpp_pubsub' for CMake module files
[0.575s] Level 1:colcon.colcon_core.environment:checking '/root/my_ros2_ws/install/cpp_pubsub' for CMake config files
[0.575s] Level 1:colcon.colcon_core.shell:create_environment_hook('cpp_pubsub', 'cmake_prefix_path')
[0.576s] INFO:colcon.colcon_core.shell:Creating environment hook '/root/my_ros2_ws/install/cpp_pubsub/share/cpp_pubsub/hook/cmake_prefix_path.ps1'
[0.576s] INFO:colcon.colcon_core.shell:Creating environment descriptor '/root/my_ros2_ws/install/cpp_pubsub/share/cpp_pubsub/hook/cmake_prefix_path.dsv'
[0.577s] INFO:colcon.colcon_core.shell:Creating environment hook '/root/my_ros2_ws/install/cpp_pubsub/share/cpp_pubsub/hook/cmake_prefix_path.sh'
[0.577s] Level 1:colcon.colcon_core.environment:checking '/root/my_ros2_ws/install/cpp_pubsub/lib'
[0.578s] Level 1:colcon.colcon_core.environment:checking '/root/my_ros2_ws/install/cpp_pubsub/bin'
[0.578s] Level 1:colcon.colcon_core.environment:checking '/root/my_ros2_ws/install/cpp_pubsub/lib/pkgconfig/cpp_pubsub.pc'
[0.578s] Level 1:colcon.colcon_core.environment:checking '/root/my_ros2_ws/install/cpp_pubsub/lib/python3.8/site-packages'
[0.578s] INFO:colcon.colcon_core.shell:Creating package script '/root/my_ros2_ws/install/cpp_pubsub/share/cpp_pubsub/package.ps1'
[0.579s] INFO:colcon.colcon_core.shell:Creating package descriptor '/root/my_ros2_ws/install/cpp_pubsub/share/cpp_pubsub/package.dsv'
[0.579s] INFO:colcon.colcon_core.shell:Creating package script '/root/my_ros2_ws/install/cpp_pubsub/share/cpp_pubsub/package.sh'
[0.580s] INFO:colcon.colcon_core.shell:Creating package script '/root/my_ros2_ws/install/cpp_pubsub/share/cpp_pubsub/package.bash'
[0.580s] INFO:colcon.colcon_core.shell:Creating package script '/root/my_ros2_ws/install/cpp_pubsub/share/cpp_pubsub/package.zsh'
[0.580s] Level 1:colcon.colcon_core.environment:create_file_with_runtime_dependencies(/root/my_ros2_ws/install/cpp_pubsub/share/colcon-core/packages/cpp_pubsub)
[0.744s] Level 1:colcon.colcon_core.environment:checking '/root/my_ros2_ws/install/py_pubsub' for CMake module files
[0.745s] DEBUG:colcon.colcon_core.event_handler.log_command:Invoked command in '/root/my_ros2_ws/src/py_pubsub' returned '0': PYTHONPATH=/root/my_ros2_ws/install/py_pubsub/lib/python3.8/site-packages:${PYTHONPATH} /usr/bin/python3 setup.py egg_info --egg-base ../../build/py_pubsub build --build-base /root/my_ros2_ws/build/py_pubsub/build install --prefix /root/my_ros2_ws/install/py_pubsub --record /root/my_ros2_ws/build/py_pubsub/install.log --single-version-externally-managed
[0.746s] Level 1:colcon.colcon_core.environment:checking '/root/my_ros2_ws/install/py_pubsub' for CMake config files
[0.746s] Level 1:colcon.colcon_core.environment:checking '/root/my_ros2_ws/install/py_pubsub/lib'
[0.746s] Level 1:colcon.colcon_core.environment:checking '/root/my_ros2_ws/install/py_pubsub/bin'
[0.746s] Level 1:colcon.colcon_core.environment:checking '/root/my_ros2_ws/install/py_pubsub/lib/pkgconfig/py_pubsub.pc'
[0.746s] Level 1:colcon.colcon_core.environment:checking '/root/my_ros2_ws/install/py_pubsub/lib/python3.8/site-packages'
[0.746s] Level 1:colcon.colcon_core.shell:create_environment_hook('py_pubsub', 'pythonpath')
[0.747s] INFO:colcon.colcon_core.shell:Creating environment hook '/root/my_ros2_ws/install/py_pubsub/share/py_pubsub/hook/pythonpath.ps1'
[0.747s] INFO:colcon.colcon_core.shell:Creating environment descriptor '/root/my_ros2_ws/install/py_pubsub/share/py_pubsub/hook/pythonpath.dsv'
[0.748s] INFO:colcon.colcon_core.shell:Creating environment hook '/root/my_ros2_ws/install/py_pubsub/share/py_pubsub/hook/pythonpath.sh'
[0.748s] Level 1:colcon.colcon_core.environment:create_environment_scripts_only(py_pubsub)
[0.749s] INFO:colcon.colcon_core.shell:Creating package script '/root/my_ros2_ws/install/py_pubsub/share/py_pubsub/package.ps1'
[0.749s] INFO:colcon.colcon_core.shell:Creating package descriptor '/root/my_ros2_ws/install/py_pubsub/share/py_pubsub/package.dsv'
[0.749s] INFO:colcon.colcon_core.shell:Creating package script '/root/my_ros2_ws/install/py_pubsub/share/py_pubsub/package.sh'
[0.750s] INFO:colcon.colcon_core.shell:Creating package script '/root/my_ros2_ws/install/py_pubsub/share/py_pubsub/package.bash'
[0.750s] INFO:colcon.colcon_core.shell:Creating package script '/root/my_ros2_ws/install/py_pubsub/share/py_pubsub/package.zsh'
[0.750s] Level 1:colcon.colcon_core.environment:create_file_with_runtime_dependencies(/root/my_ros2_ws/install/py_pubsub/share/colcon-core/packages/py_pubsub)
[1.151s] DEBUG:colcon.colcon_core.event_handler.log_command:Invoked command in '/root/my_ros2_ws/build/turtle_controller' returned '0': CMAKE_PREFIX_PATH=${CMAKE_PREFIX_PATH}:/root/my_ros2_ws/install/py_pubsub:/opt/ros/foxy /usr/bin/cmake --build /root/my_ros2_ws/build/turtle_controller -- -j16 -l16
[1.173s] DEBUG:colcon.colcon_core.event_handler.log_command:Invoking command in '/root/my_ros2_ws/build/turtle_controller': CMAKE_PREFIX_PATH=${CMAKE_PREFIX_PATH}:/root/my_ros2_ws/install/py_pubsub:/opt/ros/foxy /usr/bin/cmake --install /root/my_ros2_ws/build/turtle_controller
[1.181s] Level 1:colcon.colcon_core.environment:create_environment_scripts_only(turtle_controller)
[1.181s] DEBUG:colcon.colcon_core.event_handler.log_command:Invoked command in '/root/my_ros2_ws/build/turtle_controller' returned '0': CMAKE_PREFIX_PATH=${CMAKE_PREFIX_PATH}:/root/my_ros2_ws/install/py_pubsub:/opt/ros/foxy /usr/bin/cmake --install /root/my_ros2_ws/build/turtle_controller
[1.182s] Level 1:colcon.colcon_core.environment:checking '/root/my_ros2_ws/install/turtle_controller' for CMake module files
[1.183s] Level 1:colcon.colcon_core.environment:checking '/root/my_ros2_ws/install/turtle_controller' for CMake config files
[1.183s] Level 1:colcon.colcon_core.shell:create_environment_hook('turtle_controller', 'cmake_prefix_path')
[1.184s] INFO:colcon.colcon_core.shell:Creating environment hook '/root/my_ros2_ws/install/turtle_controller/share/turtle_controller/hook/cmake_prefix_path.ps1'
[1.184s] INFO:colcon.colcon_core.shell:Creating environment descriptor '/root/my_ros2_ws/install/turtle_controller/share/turtle_controller/hook/cmake_prefix_path.dsv'
[1.184s] INFO:colcon.colcon_core.shell:Creating environment hook '/root/my_ros2_ws/install/turtle_controller/share/turtle_controller/hook/cmake_prefix_path.sh'
[1.185s] Level 1:colcon.colcon_core.environment:checking '/root/my_ros2_ws/install/turtle_controller/lib'
[1.185s] Level 1:colcon.colcon_core.environment:checking '/root/my_ros2_ws/install/turtle_controller/bin'
[1.185s] Level 1:colcon.colcon_core.environment:checking '/root/my_ros2_ws/install/turtle_controller/lib/pkgconfig/turtle_controller.pc'
[1.185s] Level 1:colcon.colcon_core.environment:checking '/root/my_ros2_ws/install/turtle_controller/lib/python3.8/site-packages'
[1.185s] INFO:colcon.colcon_core.shell:Creating package script '/root/my_ros2_ws/install/turtle_controller/share/turtle_controller/package.ps1'
[1.186s] INFO:colcon.colcon_core.shell:Creating package descriptor '/root/my_ros2_ws/install/turtle_controller/share/turtle_controller/package.dsv'
[1.186s] INFO:colcon.colcon_core.shell:Creating package script '/root/my_ros2_ws/install/turtle_controller/share/turtle_controller/package.sh'
[1.186s] INFO:colcon.colcon_core.shell:Creating package script '/root/my_ros2_ws/install/turtle_controller/share/turtle_controller/package.bash'
[1.186s] INFO:colcon.colcon_core.shell:Creating package script '/root/my_ros2_ws/install/turtle_controller/share/turtle_controller/package.zsh'
[1.187s] Level 1:colcon.colcon_core.environment:create_file_with_runtime_dependencies(/root/my_ros2_ws/install/turtle_controller/share/colcon-core/packages/turtle_controller)
[1.205s] Level 1:colcon.colcon_core.environment:create_environment_scripts_only(turtle_controller)
[1.206s] Level 1:colcon.colcon_core.environment:checking '/root/my_ros2_ws/install/turtle_controller' for CMake module files
[1.206s] Level 1:colcon.colcon_core.environment:checking '/root/my_ros2_ws/install/turtle_controller' for CMake config files
[1.207s] Level 1:colcon.colcon_core.shell:create_environment_hook('turtle_controller', 'cmake_prefix_path')
[1.207s] INFO:colcon.colcon_core.shell:Creating environment hook '/root/my_ros2_ws/install/turtle_controller/share/turtle_controller/hook/cmake_prefix_path.ps1'
[1.208s] INFO:colcon.colcon_core.shell:Creating environment descriptor '/root/my_ros2_ws/install/turtle_controller/share/turtle_controller/hook/cmake_prefix_path.dsv'
[1.208s] INFO:colcon.colcon_core.shell:Creating environment hook '/root/my_ros2_ws/install/turtle_controller/share/turtle_controller/hook/cmake_prefix_path.sh'
[1.208s] Level 1:colcon.colcon_core.environment:checking '/root/my_ros2_ws/install/turtle_controller/lib'
[1.208s] Level 1:colcon.colcon_core.environment:checking '/root/my_ros2_ws/install/turtle_controller/bin'
[1.208s] Level 1:colcon.colcon_core.environment:checking '/root/my_ros2_ws/install/turtle_controller/lib/pkgconfig/turtle_controller.pc'
[1.208s] Level 1:colcon.colcon_core.environment:checking '/root/my_ros2_ws/install/turtle_controller/lib/python3.8/site-packages'
[1.209s] INFO:colcon.colcon_core.shell:Creating package script '/root/my_ros2_ws/install/turtle_controller/share/turtle_controller/package.ps1'
[1.209s] INFO:colcon.colcon_core.shell:Creating package descriptor '/root/my_ros2_ws/install/turtle_controller/share/turtle_controller/package.dsv'
[1.210s] INFO:colcon.colcon_core.shell:Creating package script '/root/my_ros2_ws/install/turtle_controller/share/turtle_controller/package.sh'
[1.210s] INFO:colcon.colcon_core.shell:Creating package script '/root/my_ros2_ws/install/turtle_controller/share/turtle_controller/package.bash'
[1.210s] INFO:colcon.colcon_core.shell:Creating package script '/root/my_ros2_ws/install/turtle_controller/share/turtle_controller/package.zsh'
[1.210s] Level 1:colcon.colcon_core.environment:create_file_with_runtime_dependencies(/root/my_ros2_ws/install/turtle_controller/share/colcon-core/packages/turtle_controller)
[1.211s] DEBUG:colcon.colcon_parallel_executor.executor.parallel:closing loop
[1.211s] DEBUG:colcon.colcon_parallel_executor.executor.parallel:loop closed
[1.211s] DEBUG:colcon.colcon_parallel_executor.executor.parallel:run_until_complete finished with '0'
[1.211s] DEBUG:colcon.colcon_core.event_reactor:joining thread
[1.216s] INFO:colcon.colcon_core.plugin_system:Skipping extension 'colcon_notification.desktop_notification.notify_send': Could not find 'notify-send'
[1.216s] INFO:colcon.colcon_core.plugin_system:Skipping extension 'colcon_notification.desktop_notification.terminal_notifier': Not used on non-Darwin systems
[1.217s] INFO:colcon.colcon_core.plugin_system:Skipping extension 'colcon_notification.desktop_notification.win32': Not used on non-Windows systems
[1.217s] INFO:colcon.colcon_notification.desktop_notification:Sending desktop notification using 'notify2'
[1.220s] DEBUG:colcon.colcon_notification.desktop_notification.notify2:Failed to initialize notify2: org.freedesktop.DBus.Error.ServiceUnknown: The name org.freedesktop.Notifications was not provided by any .service files
[1.221s] DEBUG:colcon.colcon_core.event_reactor:joined thread
[1.221s] INFO:colcon.colcon_core.shell:Creating prefix script '/root/my_ros2_ws/install/local_setup.ps1'
[1.222s] INFO:colcon.colcon_core.shell:Creating prefix util module '/root/my_ros2_ws/install/_local_setup_util_ps1.py'
[1.223s] INFO:colcon.colcon_core.shell:Creating prefix chain script '/root/my_ros2_ws/install/setup.ps1'
[1.225s] INFO:colcon.colcon_core.shell:Creating prefix script '/root/my_ros2_ws/install/local_setup.sh'
[1.225s] INFO:colcon.colcon_core.shell:Creating prefix util module '/root/my_ros2_ws/install/_local_setup_util_sh.py'
[1.226s] INFO:colcon.colcon_core.shell:Creating prefix chain script '/root/my_ros2_ws/install/setup.sh'
[1.228s] INFO:colcon.colcon_core.shell:Creating prefix script '/root/my_ros2_ws/install/local_setup.bash'
[1.228s] INFO:colcon.colcon_core.shell:Creating prefix chain script '/root/my_ros2_ws/install/setup.bash'
[1.230s] INFO:colcon.colcon_core.shell:Creating prefix script '/root/my_ros2_ws/install/local_setup.zsh'
[1.230s] INFO:colcon.colcon_core.shell:Creating prefix chain script '/root/my_ros2_ws/install/setup.zsh'
