[0.206s] Invoking command in '/root/my_ros2_ws/src/py_pubsub': PYTHONPATH=/root/my_ros2_ws/install/py_pubsub/lib/python3.8/site-packages:${PYTHONPATH} /usr/bin/python3 setup.py egg_info --egg-base ../../build/py_pubsub build --build-base /root/my_ros2_ws/build/py_pubsub/build install --prefix /root/my_ros2_ws/install/py_pubsub --record /root/my_ros2_ws/build/py_pubsub/install.log --single-version-externally-managed
[0.382s] running egg_info
[0.382s] creating ../../build/py_pubsub/py_pubsub.egg-info
[0.383s] writing ../../build/py_pubsub/py_pubsub.egg-info/PKG-INFO
[0.383s] writing dependency_links to ../../build/py_pubsub/py_pubsub.egg-info/dependency_links.txt
[0.383s] writing entry points to ../../build/py_pubsub/py_pubsub.egg-info/entry_points.txt
[0.383s] writing requirements to ../../build/py_pubsub/py_pubsub.egg-info/requires.txt
[0.383s] writing top-level names to ../../build/py_pubsub/py_pubsub.egg-info/top_level.txt
[0.386s] writing manifest file '../../build/py_pubsub/py_pubsub.egg-info/SOURCES.txt'
[0.418s] reading manifest file '../../build/py_pubsub/py_pubsub.egg-info/SOURCES.txt'
[0.420s] writing manifest file '../../build/py_pubsub/py_pubsub.egg-info/SOURCES.txt'
[0.420s] running build
[0.420s] running build_py
[0.420s] creating /root/my_ros2_ws/build/py_pubsub/build
[0.420s] creating /root/my_ros2_ws/build/py_pubsub/build/lib
[0.420s] creating /root/my_ros2_ws/build/py_pubsub/build/lib/py_pubsub
[0.420s] copying py_pubsub/__init__.py -> /root/my_ros2_ws/build/py_pubsub/build/lib/py_pubsub
[0.420s] running install
[0.421s] running install_lib
[0.422s] creating /root/my_ros2_ws/install/py_pubsub/lib/python3.8/site-packages/py_pubsub
[0.422s] copying /root/my_ros2_ws/build/py_pubsub/build/lib/py_pubsub/__init__.py -> /root/my_ros2_ws/install/py_pubsub/lib/python3.8/site-packages/py_pubsub
[0.423s] byte-compiling /root/my_ros2_ws/install/py_pubsub/lib/python3.8/site-packages/py_pubsub/__init__.py to __init__.cpython-38.pyc
[0.424s] running install_data
[0.424s] creating /root/my_ros2_ws/install/py_pubsub/share/ament_index
[0.425s] creating /root/my_ros2_ws/install/py_pubsub/share/ament_index/resource_index
[0.425s] creating /root/my_ros2_ws/install/py_pubsub/share/ament_index/resource_index/packages
[0.425s] copying resource/py_pubsub -> /root/my_ros2_ws/install/py_pubsub/share/ament_index/resource_index/packages
[0.425s] copying package.xml -> /root/my_ros2_ws/install/py_pubsub/share/py_pubsub
[0.425s] running install_egg_info
[0.427s] Copying ../../build/py_pubsub/py_pubsub.egg-info to /root/my_ros2_ws/install/py_pubsub/lib/python3.8/site-packages/py_pubsub-0.0.0-py3.8.egg-info
[0.428s] running install_scripts
[0.450s] writing list of installed files to '/root/my_ros2_ws/build/py_pubsub/install.log'
[0.472s] Invoked command in '/root/my_ros2_ws/src/py_pubsub' returned '0': PYTHONPATH=/root/my_ros2_ws/install/py_pubsub/lib/python3.8/site-packages:${PYTHONPATH} /usr/bin/python3 setup.py egg_info --egg-base ../../build/py_pubsub build --build-base /root/my_ros2_ws/build/py_pubsub/build install --prefix /root/my_ros2_ws/install/py_pubsub --record /root/my_ros2_ws/build/py_pubsub/install.log --single-version-externally-managed
