-- The C compiler identification is GNU 9.3.0
-- The CXX compiler identification is GNU 9.3.0
-- Check for working C compiler: /usr/bin/cc
-- Check for working C compiler: /usr/bin/cc -- works
-- Detecting C compiler ABI info
-- Detecting C compiler ABI info - done
-- Detecting C compile features
-- Detecting C compile features - done
-- Check for working CXX compiler: /usr/bin/c++
-- Check for working CXX compiler: /usr/bin/c++ -- works
-- Detecting CXX compiler ABI info
-- Detecting CXX compiler ABI info - done
-- Detecting CXX compile features
-- Detecting CXX compile features - done
-- Found ament_cmake: 0.9.8 (/opt/ros/foxy/share/ament_cmake/cmake)
-- Found PythonInterp: /usr/bin/python3 (found suitable version "3.8.5", minimum required is "3") 
-- Using PYTHON_EXECUTABLE: /usr/bin/python3
-- Found rclcpp: 2.3.0 (/opt/ros/foxy/share/rclcpp/cmake)
-- Using all available rosidl_typesupport_c: rosidl_typesupport_fastrtps_c;rosidl_typesupport_introspection_c
-- Found rosidl_adapter: 1.2.0 (/opt/ros/foxy/share/rosidl_adapter/cmake)
-- Found OpenSSL: /usr/lib/x86_64-linux-gnu/libcrypto.so (found version "1.1.1f")  
-- Found FastRTPS: /opt/ros/foxy/include  
-- Using all available rosidl_typesupport_cpp: rosidl_typesupport_fastrtps_cpp;rosidl_typesupport_introspection_cpp
-- Found rmw_implementation_cmake: 1.0.2 (/opt/ros/foxy/share/rmw_implementation_cmake/cmake)
-- Using RMW implementation 'rmw_fastrtps_cpp' as default
-- Looking for pthread.h
-- Looking for pthread.h - found
-- Performing Test CMAKE_HAVE_LIBC_PTHREAD
-- Performing Test CMAKE_HAVE_LIBC_PTHREAD - Failed
-- Looking for pthread_create in pthreads
-- Looking for pthread_create in pthreads - not found
-- Looking for pthread_create in pthread
-- Looking for pthread_create in pthread - found
-- Found Threads: TRUE  
-- Found geometry_msgs: 2.0.3 (/opt/ros/foxy/share/geometry_msgs/cmake)
-- Found turtlesim: 1.2.5 (/opt/ros/foxy/share/turtlesim/cmake)
-- Found ament_lint_auto: 0.9.6 (/opt/ros/foxy/share/ament_lint_auto/cmake)
-- Added test 'copyright' to check source files copyright and LICENSE
-- Added test 'cppcheck' to perform static code analysis on C / C++ code
-- Configured cppcheck include dirs: 
-- Configured cppcheck exclude dirs and/or files: 
-- Added test 'cpplint' to check C / C++ code against the Google style
-- Configured cpplint exclude dirs and/or files: 
-- Added test 'lint_cmake' to check CMake code style
-- Added test 'uncrustify' to check C / C++ code style
-- Configured uncrustify additional arguments: 
-- Added test 'xmllint' to check XML markup files
-- Configuring done
-- Generating done
-- Build files have been written to: /root/my_ros2_ws/build/assignment2
[35m[1mScanning dependencies of target turtle_controller_ROS2[0m
[ 50%] [32mBuilding CXX object CMakeFiles/turtle_controller_ROS2.dir/src/turtle_controller_ROS2.cpp.o[0m
[100%] [32m[1mLinking CXX executable turtle_controller_ROS2[0m
[100%] Built target turtle_controller_ROS2
-- Install configuration: ""
-- Installing: /root/my_ros2_ws/install/assignment2/lib/assignment2/turtle_controller_ROS2
-- Set runtime path of "/root/my_ros2_ws/install/assignment2/lib/assignment2/turtle_controller_ROS2" to ""
-- Installing: /root/my_ros2_ws/install/assignment2/share/ament_index/resource_index/package_run_dependencies/assignment2
-- Installing: /root/my_ros2_ws/install/assignment2/share/ament_index/resource_index/parent_prefix_path/assignment2
-- Installing: /root/my_ros2_ws/install/assignment2/share/assignment2/environment/ament_prefix_path.sh
-- Installing: /root/my_ros2_ws/install/assignment2/share/assignment2/environment/ament_prefix_path.dsv
-- Installing: /root/my_ros2_ws/install/assignment2/share/assignment2/environment/path.sh
-- Installing: /root/my_ros2_ws/install/assignment2/share/assignment2/environment/path.dsv
-- Installing: /root/my_ros2_ws/install/assignment2/share/assignment2/local_setup.bash
-- Installing: /root/my_ros2_ws/install/assignment2/share/assignment2/local_setup.sh
-- Installing: /root/my_ros2_ws/install/assignment2/share/assignment2/local_setup.zsh
-- Installing: /root/my_ros2_ws/install/assignment2/share/assignment2/local_setup.dsv
-- Installing: /root/my_ros2_ws/install/assignment2/share/assignment2/package.dsv
-- Installing: /root/my_ros2_ws/install/assignment2/share/ament_index/resource_index/packages/assignment2
-- Installing: /root/my_ros2_ws/install/assignment2/share/assignment2/cmake/assignment2Config.cmake
-- Installing: /root/my_ros2_ws/install/assignment2/share/assignment2/cmake/assignment2Config-version.cmake
-- Installing: /root/my_ros2_ws/install/assignment2/share/assignment2/package.xml
